cabal: Entering directory '/tmp/cabal-tmp-2282/aeson-2.1.0.0'
Configuring aeson-2.1.0.0...
Preprocessing library for aeson-2.1.0.0..
Building library for aeson-2.1.0.0..
[ 1 of 28] Compiling Data.Aeson.Internal.ByteString ( src/Data/Aeson/Internal/ByteString.hs, dist/dist-sandbox-54b365cc/build/Data/Aeson/Internal/ByteString.o )
[ 2 of 28] Compiling Data.Aeson.Internal.Functions ( src/Data/Aeson/Internal/Functions.hs, dist/dist-sandbox-54b365cc/build/Data/Aeson/Internal/Functions.o )
[ 3 of 28] Compiling Data.Aeson.Internal.TH ( src/Data/Aeson/Internal/TH.hs, dist/dist-sandbox-54b365cc/build/Data/Aeson/Internal/TH.o )
[ 4 of 28] Compiling Data.Aeson.Internal.Text ( src/Data/Aeson/Internal/Text.hs, dist/dist-sandbox-54b365cc/build/Data/Aeson/Internal/Text.o )
[ 5 of 28] Compiling Data.Aeson.Key   ( src/Data/Aeson/Key.hs, dist/dist-sandbox-54b365cc/build/Data/Aeson/Key.o )
[ 6 of 28] Compiling Data.Aeson.KeyMap ( src/Data/Aeson/KeyMap.hs, dist/dist-sandbox-54b365cc/build/Data/Aeson/KeyMap.o )
[ 7 of 28] Compiling Data.Aeson.Parser.UnescapePure ( src-pure/Data/Aeson/Parser/UnescapePure.hs, dist/dist-sandbox-54b365cc/build/Data/Aeson/Parser/UnescapePure.o )
[ 8 of 28] Compiling Data.Aeson.Parser.Unescape ( src/Data/Aeson/Parser/Unescape.hs, dist/dist-sandbox-54b365cc/build/Data/Aeson/Parser/Unescape.o )
[ 9 of 28] Compiling Data.Aeson.Types.Generic ( src/Data/Aeson/Types/Generic.hs, dist/dist-sandbox-54b365cc/build/Data/Aeson/Types/Generic.o )
[10 of 28] Compiling Data.Aeson.Types.Internal ( src/Data/Aeson/Types/Internal.hs, dist/dist-sandbox-54b365cc/build/Data/Aeson/Types/Internal.o )
[11 of 28] Compiling Data.Aeson.Parser.Internal ( src/Data/Aeson/Parser/Internal.hs, dist/dist-sandbox-54b365cc/build/Data/Aeson/Parser/Internal.o )
[12 of 28] Compiling Data.Aeson.Parser ( src/Data/Aeson/Parser.hs, dist/dist-sandbox-54b365cc/build/Data/Aeson/Parser.o )
[13 of 28] Compiling Data.Attoparsec.Time.Internal ( attoparsec-iso8601/src/Data/Attoparsec/Time/Internal.hs, dist/dist-sandbox-54b365cc/build/Data/Attoparsec/Time/Internal.o )
[14 of 28] Compiling Data.Attoparsec.Time ( attoparsec-iso8601/src/Data/Attoparsec/Time.hs, dist/dist-sandbox-54b365cc/build/Data/Attoparsec/Time.o )
[15 of 28] Compiling Data.Aeson.Parser.Time ( src/Data/Aeson/Parser/Time.hs, dist/dist-sandbox-54b365cc/build/Data/Aeson/Parser/Time.o )
[16 of 28] Compiling Data.Aeson.Types.FromJSON ( src/Data/Aeson/Types/FromJSON.hs, dist/dist-sandbox-54b365cc/build/Data/Aeson/Types/FromJSON.o )
[17 of 28] Compiling Data.Aeson.Internal ( src/Data/Aeson/Internal.hs, dist/dist-sandbox-54b365cc/build/Data/Aeson/Internal.o )
[18 of 28] Compiling Data.Aeson.Internal.Time ( src/Data/Aeson/Internal/Time.hs, dist/dist-sandbox-54b365cc/build/Data/Aeson/Internal/Time.o )
[19 of 28] Compiling Data.Aeson.Encoding.Builder ( src/Data/Aeson/Encoding/Builder.hs, dist/dist-sandbox-54b365cc/build/Data/Aeson/Encoding/Builder.o )
[20 of 28] Compiling Data.Aeson.Encoding.Internal ( src/Data/Aeson/Encoding/Internal.hs, dist/dist-sandbox-54b365cc/build/Data/Aeson/Encoding/Internal.o )
[21 of 28] Compiling Data.Aeson.Encoding ( src/Data/Aeson/Encoding.hs, dist/dist-sandbox-54b365cc/build/Data/Aeson/Encoding.o )
[22 of 28] Compiling Data.Aeson.Types.ToJSON ( src/Data/Aeson/Types/ToJSON.hs, dist/dist-sandbox-54b365cc/build/Data/Aeson/Types/ToJSON.o )
[23 of 28] Compiling Data.Aeson.Types.Class ( src/Data/Aeson/Types/Class.hs, dist/dist-sandbox-54b365cc/build/Data/Aeson/Types/Class.o )
[24 of 28] Compiling Data.Aeson.Types ( src/Data/Aeson/Types.hs, dist/dist-sandbox-54b365cc/build/Data/Aeson/Types.o )
[25 of 28] Compiling Data.Aeson.Text  ( src/Data/Aeson/Text.hs, dist/dist-sandbox-54b365cc/build/Data/Aeson/Text.o )
[26 of 28] Compiling Data.Aeson       ( src/Data/Aeson.hs, dist/dist-sandbox-54b365cc/build/Data/Aeson.o )
[27 of 28] Compiling Data.Aeson.TH    ( src/Data/Aeson/TH.hs, dist/dist-sandbox-54b365cc/build/Data/Aeson/TH.o )
[28 of 28] Compiling Data.Aeson.QQ.Simple ( src/Data/Aeson/QQ/Simple.hs, dist/dist-sandbox-54b365cc/build/Data/Aeson/QQ/Simple.o )
Installing library in /mnt/c/Users/n.nguyen/OneDrive/FP/Sudoku/.cabal-sandbox/lib/x86_64-linux-ghc-8.6.5/aeson-2.1.0.0-BPcfA4w4Nus1eTOz7Rskqk
cabal: Leaving directory '/tmp/cabal-tmp-2282/aeson-2.1.0.0'
