cabal: Entering directory '/tmp/cabal-tmp-531/asn1-encoding-0.9.6'
Configuring asn1-encoding-0.9.6...
Preprocessing library for asn1-encoding-0.9.6..
Building library for asn1-encoding-0.9.6..
[ 1 of 12] Compiling Data.ASN1.Error  ( Data/ASN1/Error.hs, dist/dist-sandbox-54b365cc/build/Data/ASN1/Error.o )
[ 2 of 12] Compiling Data.ASN1.Get    ( Data/ASN1/Get.hs, dist/dist-sandbox-54b365cc/build/Data/ASN1/Get.o )
[ 3 of 12] Compiling Data.ASN1.Internal ( Data/ASN1/Internal.hs, dist/dist-sandbox-54b365cc/build/Data/ASN1/Internal.o )
[ 4 of 12] Compiling Data.ASN1.Object ( Data/ASN1/Object.hs, dist/dist-sandbox-54b365cc/build/Data/ASN1/Object.o )
[ 5 of 12] Compiling Data.ASN1.Serialize ( Data/ASN1/Serialize.hs, dist/dist-sandbox-54b365cc/build/Data/ASN1/Serialize.o )
[ 6 of 12] Compiling Data.ASN1.BinaryEncoding.Writer ( Data/ASN1/BinaryEncoding/Writer.hs, dist/dist-sandbox-54b365cc/build/Data/ASN1/BinaryEncoding/Writer.o )
[ 7 of 12] Compiling Data.ASN1.BinaryEncoding.Parse ( Data/ASN1/BinaryEncoding/Parse.hs, dist/dist-sandbox-54b365cc/build/Data/ASN1/BinaryEncoding/Parse.o )
[ 8 of 12] Compiling Data.ASN1.BinaryEncoding.Raw ( Data/ASN1/BinaryEncoding/Raw.hs, dist/dist-sandbox-54b365cc/build/Data/ASN1/BinaryEncoding/Raw.o )
[ 9 of 12] Compiling Data.ASN1.Stream ( Data/ASN1/Stream.hs, dist/dist-sandbox-54b365cc/build/Data/ASN1/Stream.o )
[10 of 12] Compiling Data.ASN1.Prim   ( Data/ASN1/Prim.hs, dist/dist-sandbox-54b365cc/build/Data/ASN1/Prim.o )

Data/ASN1/Prim.hs:55:1: warning: [-Wunused-imports]
    The import of ‘Data.Monoid’ is redundant
      except perhaps to import instances from ‘Data.Monoid’
    To import instances alone, use: import Data.Monoid()
   |
55 | import Data.Monoid
   | ^^^^^^^^^^^^^^^^^^

Data/ASN1/Prim.hs:65:1: warning: [-Wunused-imports]
    The import of ‘Control.Applicative’ is redundant
      except perhaps to import instances from ‘Control.Applicative’
    To import instances alone, use: import Control.Applicative()
   |
65 | import Control.Applicative
   | ^^^^^^^^^^^^^^^^^^^^^^^^^^

Data/ASN1/Prim.hs:259:11: warning: [-Wname-shadowing]
    This binding for ‘exponent’ shadows the existing binding
      imported from ‘Prelude’ at Data/ASN1/Prim.hs:13:8-21
      (and originally defined in ‘GHC.Float’)
    |
259 |           exponent = exp' - fromIntegral scaleFactor
    |           ^^^^^^^^

Data/ASN1/Prim.hs:428:9: warning: [-Wname-shadowing]
    This binding for ‘exp’ shadows the existing binding
      imported from ‘Prelude’ at Data/ASN1/Prim.hs:13:8-21
      (and originally defined in ‘GHC.Float’)
    |
428 |   (man, exp) = decodeFloat d
    |         ^^^

Data/ASN1/Prim.hs:429:14: warning: [-Wname-shadowing]
    This binding for ‘exponent’ shadows the existing binding
      imported from ‘Prelude’ at Data/ASN1/Prim.hs:13:8-21
      (and originally defined in ‘GHC.Float’)
    |
429 |   (mantissa, exponent) = normalize (fromIntegral $ mkUnsigned man, exp)
    |              ^^^^^^^^

Data/ASN1/Prim.hs:441:22: warning: [-Wname-shadowing]
    This binding for ‘exponent’ shadows the existing binding
      imported from ‘Prelude’ at Data/ASN1/Prim.hs:13:8-21
      (and originally defined in ‘GHC.Float’)
    |
441 | normalize (mantissa, exponent) = (mantissa `shiftR` sh, exponent + sh)
    |                      ^^^^^^^^
[11 of 12] Compiling Data.ASN1.Encoding ( Data/ASN1/Encoding.hs, dist/dist-sandbox-54b365cc/build/Data/ASN1/Encoding.o )
[12 of 12] Compiling Data.ASN1.BinaryEncoding ( Data/ASN1/BinaryEncoding.hs, dist/dist-sandbox-54b365cc/build/Data/ASN1/BinaryEncoding.o )
Installing library in /mnt/c/Users/n.nguyen/OneDrive/FP/Sudoku/.cabal-sandbox/lib/x86_64-linux-ghc-8.6.5/asn1-encoding-0.9.6-KuIMjkHcvpUIJOIg2VKXL8
cabal: Leaving directory '/tmp/cabal-tmp-531/asn1-encoding-0.9.6'
