cabal: Entering directory '/tmp/cabal-tmp-534/basement-0.0.13'
Configuring basement-0.0.13...
Preprocessing library for basement-0.0.13..
Building library for basement-0.0.13..
[ 1 of 84] Compiling Basement.Compat.Bifunctor ( Basement/Compat/Bifunctor.hs, dist/dist-sandbox-54b365cc/build/Basement/Compat/Bifunctor.o )
[ 2 of 84] Compiling Basement.Compat.C.Types ( Basement/Compat/C/Types.hs, dist/dist-sandbox-54b365cc/build/Basement/Compat/C/Types.o )
[ 3 of 84] Compiling Basement.Compat.CallStack ( Basement/Compat/CallStack.hs, dist/dist-sandbox-54b365cc/build/Basement/Compat/CallStack.o )
[ 4 of 84] Compiling Basement.Compat.Identity ( Basement/Compat/Identity.hs, dist/dist-sandbox-54b365cc/build/Basement/Compat/Identity.o )
[ 5 of 84] Compiling Basement.Compat.IsList ( Basement/Compat/IsList.hs, dist/dist-sandbox-54b365cc/build/Basement/Compat/IsList.o )
[ 6 of 84] Compiling Basement.Compat.Natural ( Basement/Compat/Natural.hs, dist/dist-sandbox-54b365cc/build/Basement/Compat/Natural.o )
[ 7 of 84] Compiling Basement.Compat.NumLiteral ( Basement/Compat/NumLiteral.hs, dist/dist-sandbox-54b365cc/build/Basement/Compat/NumLiteral.o )
[ 8 of 84] Compiling Basement.Compat.PrimTypes ( Basement/Compat/PrimTypes.hs, dist/dist-sandbox-54b365cc/build/Basement/Compat/PrimTypes.o )
[ 9 of 84] Compiling Basement.Compat.Primitive ( Basement/Compat/Primitive.hs, dist/dist-sandbox-54b365cc/build/Basement/Compat/Primitive.o )
[10 of 84] Compiling Basement.Compat.Semigroup ( Basement/Compat/Semigroup.hs, dist/dist-sandbox-54b365cc/build/Basement/Compat/Semigroup.o )
[11 of 84] Compiling Basement.Compat.Typeable ( Basement/Compat/Typeable.hs, dist/dist-sandbox-54b365cc/build/Basement/Compat/Typeable.o )
[12 of 84] Compiling Basement.Compat.Base ( Basement/Compat/Base.hs, dist/dist-sandbox-54b365cc/build/Basement/Compat/Base.o )
[13 of 84] Compiling Basement.Compat.MonadTrans ( Basement/Compat/MonadTrans.hs, dist/dist-sandbox-54b365cc/build/Basement/Compat/MonadTrans.o )
[14 of 84] Compiling Basement.Compat.AMP ( Basement/Compat/AMP.hs, dist/dist-sandbox-54b365cc/build/Basement/Compat/AMP.o )
[15 of 84] Compiling Basement.Endianness ( Basement/Endianness.hs, dist/dist-sandbox-54b365cc/build/Basement/Endianness.o )
[16 of 84] Compiling Basement.Floating ( Basement/Floating.hs, dist/dist-sandbox-54b365cc/build/Basement/Floating.o )
[17 of 84] Compiling Basement.Monad   ( Basement/Monad.hs, dist/dist-sandbox-54b365cc/build/Basement/Monad.o )
[18 of 84] Compiling Basement.FinalPtr ( Basement/FinalPtr.hs, dist/dist-sandbox-54b365cc/build/Basement/FinalPtr.o )
[19 of 84] Compiling Basement.Numerical.Conversion ( Basement/Numerical/Conversion.hs, dist/dist-sandbox-54b365cc/build/Basement/Numerical/Conversion.o )
[20 of 84] Compiling Basement.Numerical.Number ( Basement/Numerical/Number.hs, dist/dist-sandbox-54b365cc/build/Basement/Numerical/Number.o )
[21 of 84] Compiling Basement.IntegralConv ( Basement/IntegralConv.hs, dist/dist-sandbox-54b365cc/build/Basement/IntegralConv.o )
[22 of 84] Compiling Basement.Types.Char7 ( Basement/Types/Char7.hs, dist/dist-sandbox-54b365cc/build/Basement/Types/Char7.o )
[23 of 84] Compiling Basement.Base16  ( Basement/Base16.hs, dist/dist-sandbox-54b365cc/build/Basement/Base16.o )
[24 of 84] Compiling Basement.Types.Word128 ( Basement/Types/Word128.hs, dist/dist-sandbox-54b365cc/build/Basement/Types/Word128.o )
[25 of 84] Compiling Basement.Types.Word256 ( Basement/Types/Word256.hs, dist/dist-sandbox-54b365cc/build/Basement/Types/Word256.o )
[26 of 84] Compiling Basement.Nat     ( Basement/Nat.hs, dist/dist-sandbox-54b365cc/build/Basement/Nat.o )
[27 of 84] Compiling Basement.Bounded ( Basement/Bounded.hs, dist/dist-sandbox-54b365cc/build/Basement/Bounded.o )
[28 of 84] Compiling Basement.Numerical.Subtractive ( Basement/Numerical/Subtractive.hs, dist/dist-sandbox-54b365cc/build/Basement/Numerical/Subtractive.o )
[29 of 84] Compiling Basement.Numerical.Additive ( Basement/Numerical/Additive.hs, dist/dist-sandbox-54b365cc/build/Basement/Numerical/Additive.o )
[30 of 84] Compiling Basement.Numerical.Multiplicative ( Basement/Numerical/Multiplicative.hs, dist/dist-sandbox-54b365cc/build/Basement/Numerical/Multiplicative.o )
[31 of 84] Compiling Basement.Types.OffsetSize ( Basement/Types/OffsetSize.hs, dist/dist-sandbox-54b365cc/build/Basement/Types/OffsetSize.o )
[32 of 84] Compiling Basement.Types.Ptr ( Basement/Types/Ptr.hs, dist/dist-sandbox-54b365cc/build/Basement/Types/Ptr.o )
[33 of 84] Compiling Basement.Terminal.Size ( dist/dist-sandbox-54b365cc/build/Basement/Terminal/Size.hs, dist/dist-sandbox-54b365cc/build/Basement/Terminal/Size.o )
[34 of 84] Compiling Basement.Terminal ( Basement/Terminal.hs, dist/dist-sandbox-54b365cc/build/Basement/Terminal.o )
[35 of 84] Compiling Basement.Runtime ( Basement/Runtime.hs, dist/dist-sandbox-54b365cc/build/Basement/Runtime.o )
[36 of 84] Compiling Basement.PrimType ( Basement/PrimType.hs, dist/dist-sandbox-54b365cc/build/Basement/PrimType.o )
[37 of 84] Compiling Basement.MutableBuilder ( Basement/MutableBuilder.hs, dist/dist-sandbox-54b365cc/build/Basement/MutableBuilder.o )
[38 of 84] Compiling Basement.Exception ( Basement/Exception.hs, dist/dist-sandbox-54b365cc/build/Basement/Exception.o )
[39 of 84] Compiling Basement.NonEmpty ( Basement/NonEmpty.hs, dist/dist-sandbox-54b365cc/build/Basement/NonEmpty.o )
[40 of 84] Compiling Basement.Bindings.Memory ( Basement/Bindings/Memory.hs, dist/dist-sandbox-54b365cc/build/Basement/Bindings/Memory.o )
[41 of 84] Compiling Basement.Alg.Class ( Basement/Alg/Class.hs, dist/dist-sandbox-54b365cc/build/Basement/Alg/Class.o )
[42 of 84] Compiling Basement.Compat.ExtList ( Basement/Compat/ExtList.hs, dist/dist-sandbox-54b365cc/build/Basement/Compat/ExtList.o )
[43 of 84] Compiling Basement.Alg.XorShift ( Basement/Alg/XorShift.hs, dist/dist-sandbox-54b365cc/build/Basement/Alg/XorShift.o )
[44 of 84] Compiling Basement.Alg.PrimArray ( Basement/Alg/PrimArray.hs, dist/dist-sandbox-54b365cc/build/Basement/Alg/PrimArray.o )
[45 of 84] Compiling Basement.Alg.Mutable ( Basement/Alg/Mutable.hs, dist/dist-sandbox-54b365cc/build/Basement/Alg/Mutable.o )
[46 of 84] Compiling Basement.NormalForm ( Basement/NormalForm.hs, dist/dist-sandbox-54b365cc/build/Basement/NormalForm.o )
[47 of 84] Compiling Basement.These   ( Basement/These.hs, dist/dist-sandbox-54b365cc/build/Basement/These.o )
[48 of 84] Compiling Basement.Sized.List ( Basement/Sized/List.hs, dist/dist-sandbox-54b365cc/build/Basement/Sized/List.o )
[49 of 84] Compiling Basement.Block.Base ( Basement/Block/Base.hs, dist/dist-sandbox-54b365cc/build/Basement/Block/Base.o )
[50 of 84] Compiling Basement.Cast    ( Basement/Cast.hs, dist/dist-sandbox-54b365cc/build/Basement/Cast.o )
[51 of 84] Compiling Basement.Block.Mutable ( Basement/Block/Mutable.hs, dist/dist-sandbox-54b365cc/build/Basement/Block/Mutable.o )
[52 of 84] Compiling Basement.Block   ( Basement/Block.hs, dist/dist-sandbox-54b365cc/build/Basement/Block.o )
[53 of 84] Compiling Basement.Sized.Block ( Basement/Sized/Block.hs, dist/dist-sandbox-54b365cc/build/Basement/Sized/Block.o )
[54 of 84] Compiling Basement.BlockN  ( Basement/BlockN.hs, dist/dist-sandbox-54b365cc/build/Basement/BlockN.o )
[55 of 84] Compiling Basement.Bits    ( Basement/Bits.hs, dist/dist-sandbox-54b365cc/build/Basement/Bits.o )
[56 of 84] Compiling Basement.UArray.Base ( Basement/UArray/Base.hs, dist/dist-sandbox-54b365cc/build/Basement/UArray/Base.o )
[57 of 84] Compiling Basement.BoxedArray ( Basement/BoxedArray.hs, dist/dist-sandbox-54b365cc/build/Basement/BoxedArray.o )
[58 of 84] Compiling Basement.Sized.Vect ( Basement/Sized/Vect.hs, dist/dist-sandbox-54b365cc/build/Basement/Sized/Vect.o )
[59 of 84] Compiling Basement.UArray.Mutable ( Basement/UArray/Mutable.hs, dist/dist-sandbox-54b365cc/build/Basement/UArray/Mutable.o )
[60 of 84] Compiling Basement.UArray  ( Basement/UArray.hs, dist/dist-sandbox-54b365cc/build/Basement/UArray.o )
[61 of 84] Compiling Basement.Types.AsciiString ( Basement/Types/AsciiString.hs, dist/dist-sandbox-54b365cc/build/Basement/Types/AsciiString.o )
[62 of 84] Compiling Basement.String.Encoding.Encoding ( Basement/String/Encoding/Encoding.hs, dist/dist-sandbox-54b365cc/build/Basement/String/Encoding/Encoding.o )
[63 of 84] Compiling Basement.String.Encoding.UTF32 ( Basement/String/Encoding/UTF32.hs, dist/dist-sandbox-54b365cc/build/Basement/String/Encoding/UTF32.o )
[64 of 84] Compiling Basement.String.Encoding.UTF16 ( Basement/String/Encoding/UTF16.hs, dist/dist-sandbox-54b365cc/build/Basement/String/Encoding/UTF16.o )
[65 of 84] Compiling Basement.String.Encoding.ISO_8859_1 ( Basement/String/Encoding/ISO_8859_1.hs, dist/dist-sandbox-54b365cc/build/Basement/String/Encoding/ISO_8859_1.o )
[66 of 84] Compiling Basement.String.Encoding.ASCII7 ( Basement/String/Encoding/ASCII7.hs, dist/dist-sandbox-54b365cc/build/Basement/String/Encoding/ASCII7.o )
[67 of 84] Compiling Basement.Sized.UVect ( Basement/Sized/UVect.hs, dist/dist-sandbox-54b365cc/build/Basement/Sized/UVect.o )
[68 of 84] Compiling Basement.UTF8.Types ( Basement/UTF8/Types.hs, dist/dist-sandbox-54b365cc/build/Basement/UTF8/Types.o )
[69 of 84] Compiling Basement.UTF8.Table ( Basement/UTF8/Table.hs, dist/dist-sandbox-54b365cc/build/Basement/UTF8/Table.o )
[70 of 84] Compiling Basement.UTF8.Helper ( Basement/UTF8/Helper.hs, dist/dist-sandbox-54b365cc/build/Basement/UTF8/Helper.o )
[71 of 84] Compiling Basement.Types.CharUTF8 ( Basement/Types/CharUTF8.hs, dist/dist-sandbox-54b365cc/build/Basement/Types/CharUTF8.o )
[72 of 84] Compiling Basement.String.CaseMapping ( Basement/String/CaseMapping.hs, dist/dist-sandbox-54b365cc/build/Basement/String/CaseMapping.o )
[73 of 84] Compiling Basement.Alg.UTF8 ( Basement/Alg/UTF8.hs, dist/dist-sandbox-54b365cc/build/Basement/Alg/UTF8.o )
[74 of 84] Compiling Basement.UTF8.Base ( Basement/UTF8/Base.hs, dist/dist-sandbox-54b365cc/build/Basement/UTF8/Base.o )
[75 of 84] Compiling Basement.Show    ( Basement/Show.hs, dist/dist-sandbox-54b365cc/build/Basement/Show.o )
[76 of 84] Compiling Basement.Error   ( Basement/Error.hs, dist/dist-sandbox-54b365cc/build/Basement/Error.o )
[77 of 84] Compiling Basement.Imports ( Basement/Imports.hs, dist/dist-sandbox-54b365cc/build/Basement/Imports.o )
[78 of 84] Compiling Basement.Environment ( Basement/Environment.hs, dist/dist-sandbox-54b365cc/build/Basement/Environment.o )
[79 of 84] Compiling Basement.Alg.String ( Basement/Alg/String.hs, dist/dist-sandbox-54b365cc/build/Basement/Alg/String.o )
[80 of 84] Compiling Basement.String  ( Basement/String.hs, dist/dist-sandbox-54b365cc/build/Basement/String.o )
[81 of 84] Compiling Basement.Terminal.ANSI ( Basement/Terminal/ANSI.hs, dist/dist-sandbox-54b365cc/build/Basement/Terminal/ANSI.o )
[82 of 84] Compiling Basement.From    ( Basement/From.hs, dist/dist-sandbox-54b365cc/build/Basement/From.o )
[83 of 84] Compiling Basement.Block.Builder ( Basement/Block/Builder.hs, dist/dist-sandbox-54b365cc/build/Basement/Block/Builder.o )
[84 of 84] Compiling Basement.String.Builder ( Basement/String/Builder.hs, dist/dist-sandbox-54b365cc/build/Basement/String/Builder.o )
Installing library in /mnt/c/Users/n.nguyen/OneDrive/FP/Sudoku/.cabal-sandbox/lib/x86_64-linux-ghc-8.6.5/basement-0.0.13-HlswQ9Mtqty4GpnQjRdfKt
cabal: Leaving directory '/tmp/cabal-tmp-534/basement-0.0.13'
