cabal: Entering directory '/tmp/cabal-tmp-2285/base-compat-0.12.1'
Configuring base-compat-0.12.1...
Preprocessing library for base-compat-0.12.1..
Building library for base-compat-0.12.1..
[  1 of 122] Compiling Control.Concurrent.Compat ( src/Control/Concurrent/Compat.hs, dist/dist-sandbox-54b365cc/build/Control/Concurrent/Compat.o )
[  2 of 122] Compiling Control.Concurrent.Compat.Repl ( src/Control/Concurrent/Compat/Repl.hs, dist/dist-sandbox-54b365cc/build/Control/Concurrent/Compat/Repl.o )
[  3 of 122] Compiling Control.Concurrent.MVar.Compat ( src/Control/Concurrent/MVar/Compat.hs, dist/dist-sandbox-54b365cc/build/Control/Concurrent/MVar/Compat.o )
[  4 of 122] Compiling Control.Concurrent.MVar.Compat.Repl ( src/Control/Concurrent/MVar/Compat/Repl.hs, dist/dist-sandbox-54b365cc/build/Control/Concurrent/MVar/Compat/Repl.o )
[  5 of 122] Compiling Control.Exception.Compat ( src/Control/Exception/Compat.hs, dist/dist-sandbox-54b365cc/build/Control/Exception/Compat.o )
[  6 of 122] Compiling Control.Exception.Compat.Repl ( src/Control/Exception/Compat/Repl.hs, dist/dist-sandbox-54b365cc/build/Control/Exception/Compat/Repl.o )
[  7 of 122] Compiling Control.Monad.Compat ( src/Control/Monad/Compat.hs, dist/dist-sandbox-54b365cc/build/Control/Monad/Compat.o )
[  8 of 122] Compiling Control.Monad.Compat.Repl ( src/Control/Monad/Compat/Repl.hs, dist/dist-sandbox-54b365cc/build/Control/Monad/Compat/Repl.o )
[  9 of 122] Compiling Control.Monad.Fail.Compat ( src/Control/Monad/Fail/Compat.hs, dist/dist-sandbox-54b365cc/build/Control/Monad/Fail/Compat.o )
[ 10 of 122] Compiling Control.Monad.Fail.Compat.Repl ( src/Control/Monad/Fail/Compat/Repl.hs, dist/dist-sandbox-54b365cc/build/Control/Monad/Fail/Compat/Repl.o )
[ 11 of 122] Compiling Control.Monad.IO.Class.Compat ( src/Control/Monad/IO/Class/Compat.hs, dist/dist-sandbox-54b365cc/build/Control/Monad/IO/Class/Compat.o )
[ 12 of 122] Compiling Control.Monad.IO.Class.Compat.Repl ( src/Control/Monad/IO/Class/Compat/Repl.hs, dist/dist-sandbox-54b365cc/build/Control/Monad/IO/Class/Compat/Repl.o )
[ 13 of 122] Compiling Control.Monad.ST.Lazy.Unsafe.Compat ( src/Control/Monad/ST/Lazy/Unsafe/Compat.hs, dist/dist-sandbox-54b365cc/build/Control/Monad/ST/Lazy/Unsafe/Compat.o )
[ 14 of 122] Compiling Control.Monad.ST.Lazy.Unsafe.Compat.Repl ( src/Control/Monad/ST/Lazy/Unsafe/Compat/Repl.hs, dist/dist-sandbox-54b365cc/build/Control/Monad/ST/Lazy/Unsafe/Compat/Repl.o )
[ 15 of 122] Compiling Control.Monad.ST.Unsafe.Compat ( src/Control/Monad/ST/Unsafe/Compat.hs, dist/dist-sandbox-54b365cc/build/Control/Monad/ST/Unsafe/Compat.o )
[ 16 of 122] Compiling Control.Monad.ST.Unsafe.Compat.Repl ( src/Control/Monad/ST/Unsafe/Compat/Repl.hs, dist/dist-sandbox-54b365cc/build/Control/Monad/ST/Unsafe/Compat/Repl.o )
[ 17 of 122] Compiling Data.Bifoldable.Compat ( src/Data/Bifoldable/Compat.hs, dist/dist-sandbox-54b365cc/build/Data/Bifoldable/Compat.o )
[ 18 of 122] Compiling Data.Bifoldable.Compat.Repl ( src/Data/Bifoldable/Compat/Repl.hs, dist/dist-sandbox-54b365cc/build/Data/Bifoldable/Compat/Repl.o )
[ 19 of 122] Compiling Data.Bifunctor.Compat ( src/Data/Bifunctor/Compat.hs, dist/dist-sandbox-54b365cc/build/Data/Bifunctor/Compat.o )
[ 20 of 122] Compiling Data.Bifunctor.Compat.Repl ( src/Data/Bifunctor/Compat/Repl.hs, dist/dist-sandbox-54b365cc/build/Data/Bifunctor/Compat/Repl.o )
[ 21 of 122] Compiling Data.Bitraversable.Compat ( src/Data/Bitraversable/Compat.hs, dist/dist-sandbox-54b365cc/build/Data/Bitraversable/Compat.o )
[ 22 of 122] Compiling Data.Bitraversable.Compat.Repl ( src/Data/Bitraversable/Compat/Repl.hs, dist/dist-sandbox-54b365cc/build/Data/Bitraversable/Compat/Repl.o )
[ 23 of 122] Compiling Data.Bits.Compat ( src/Data/Bits/Compat.hs, dist/dist-sandbox-54b365cc/build/Data/Bits/Compat.o )
[ 24 of 122] Compiling Data.Bits.Compat.Repl ( src/Data/Bits/Compat/Repl.hs, dist/dist-sandbox-54b365cc/build/Data/Bits/Compat/Repl.o )
[ 25 of 122] Compiling Data.Bool.Compat ( src/Data/Bool/Compat.hs, dist/dist-sandbox-54b365cc/build/Data/Bool/Compat.o )
[ 26 of 122] Compiling Data.Bool.Compat.Repl ( src/Data/Bool/Compat/Repl.hs, dist/dist-sandbox-54b365cc/build/Data/Bool/Compat/Repl.o )
[ 27 of 122] Compiling Data.Complex.Compat ( src/Data/Complex/Compat.hs, dist/dist-sandbox-54b365cc/build/Data/Complex/Compat.o )
[ 28 of 122] Compiling Data.Complex.Compat.Repl ( src/Data/Complex/Compat/Repl.hs, dist/dist-sandbox-54b365cc/build/Data/Complex/Compat/Repl.o )
[ 29 of 122] Compiling Data.Either.Compat ( src/Data/Either/Compat.hs, dist/dist-sandbox-54b365cc/build/Data/Either/Compat.o )
[ 30 of 122] Compiling Data.Either.Compat.Repl ( src/Data/Either/Compat/Repl.hs, dist/dist-sandbox-54b365cc/build/Data/Either/Compat/Repl.o )
[ 31 of 122] Compiling Data.Foldable.Compat ( src/Data/Foldable/Compat.hs, dist/dist-sandbox-54b365cc/build/Data/Foldable/Compat.o )
[ 32 of 122] Compiling Data.Foldable.Compat.Repl ( src/Data/Foldable/Compat/Repl.hs, dist/dist-sandbox-54b365cc/build/Data/Foldable/Compat/Repl.o )
[ 33 of 122] Compiling Data.Function.Compat ( src/Data/Function/Compat.hs, dist/dist-sandbox-54b365cc/build/Data/Function/Compat.o )
[ 34 of 122] Compiling Data.Function.Compat.Repl ( src/Data/Function/Compat/Repl.hs, dist/dist-sandbox-54b365cc/build/Data/Function/Compat/Repl.o )
[ 35 of 122] Compiling Data.Functor.Compat ( src/Data/Functor/Compat.hs, dist/dist-sandbox-54b365cc/build/Data/Functor/Compat.o )
[ 36 of 122] Compiling Data.Functor.Compat.Repl ( src/Data/Functor/Compat/Repl.hs, dist/dist-sandbox-54b365cc/build/Data/Functor/Compat/Repl.o )
[ 37 of 122] Compiling Data.Functor.Compose.Compat ( src/Data/Functor/Compose/Compat.hs, dist/dist-sandbox-54b365cc/build/Data/Functor/Compose/Compat.o )
[ 38 of 122] Compiling Data.Functor.Compose.Compat.Repl ( src/Data/Functor/Compose/Compat/Repl.hs, dist/dist-sandbox-54b365cc/build/Data/Functor/Compose/Compat/Repl.o )
[ 39 of 122] Compiling Data.Functor.Const.Compat ( src/Data/Functor/Const/Compat.hs, dist/dist-sandbox-54b365cc/build/Data/Functor/Const/Compat.o )
[ 40 of 122] Compiling Data.Functor.Const.Compat.Repl ( src/Data/Functor/Const/Compat/Repl.hs, dist/dist-sandbox-54b365cc/build/Data/Functor/Const/Compat/Repl.o )
[ 41 of 122] Compiling Data.Functor.Contravariant.Compat ( src/Data/Functor/Contravariant/Compat.hs, dist/dist-sandbox-54b365cc/build/Data/Functor/Contravariant/Compat.o )
[ 42 of 122] Compiling Data.Functor.Contravariant.Compat.Repl ( src/Data/Functor/Contravariant/Compat/Repl.hs, dist/dist-sandbox-54b365cc/build/Data/Functor/Contravariant/Compat/Repl.o )
[ 43 of 122] Compiling Data.Functor.Identity.Compat ( src/Data/Functor/Identity/Compat.hs, dist/dist-sandbox-54b365cc/build/Data/Functor/Identity/Compat.o )
[ 44 of 122] Compiling Data.Functor.Identity.Compat.Repl ( src/Data/Functor/Identity/Compat/Repl.hs, dist/dist-sandbox-54b365cc/build/Data/Functor/Identity/Compat/Repl.o )
[ 45 of 122] Compiling Data.Functor.Product.Compat ( src/Data/Functor/Product/Compat.hs, dist/dist-sandbox-54b365cc/build/Data/Functor/Product/Compat.o )
[ 46 of 122] Compiling Data.Functor.Product.Compat.Repl ( src/Data/Functor/Product/Compat/Repl.hs, dist/dist-sandbox-54b365cc/build/Data/Functor/Product/Compat/Repl.o )
[ 47 of 122] Compiling Data.Functor.Sum.Compat ( src/Data/Functor/Sum/Compat.hs, dist/dist-sandbox-54b365cc/build/Data/Functor/Sum/Compat.o )
[ 48 of 122] Compiling Data.Functor.Sum.Compat.Repl ( src/Data/Functor/Sum/Compat/Repl.hs, dist/dist-sandbox-54b365cc/build/Data/Functor/Sum/Compat/Repl.o )
[ 49 of 122] Compiling Data.IORef.Compat ( src/Data/IORef/Compat.hs, dist/dist-sandbox-54b365cc/build/Data/IORef/Compat.o )
[ 50 of 122] Compiling Data.IORef.Compat.Repl ( src/Data/IORef/Compat/Repl.hs, dist/dist-sandbox-54b365cc/build/Data/IORef/Compat/Repl.o )
[ 51 of 122] Compiling Data.List.Compat ( src/Data/List/Compat.hs, dist/dist-sandbox-54b365cc/build/Data/List/Compat.o )
[ 52 of 122] Compiling Data.List.Compat.Repl ( src/Data/List/Compat/Repl.hs, dist/dist-sandbox-54b365cc/build/Data/List/Compat/Repl.o )
[ 53 of 122] Compiling Data.List.NonEmpty.Compat ( src/Data/List/NonEmpty/Compat.hs, dist/dist-sandbox-54b365cc/build/Data/List/NonEmpty/Compat.o )
[ 54 of 122] Compiling Data.List.NonEmpty.Compat.Repl ( src/Data/List/NonEmpty/Compat/Repl.hs, dist/dist-sandbox-54b365cc/build/Data/List/NonEmpty/Compat/Repl.o )
[ 55 of 122] Compiling Data.Monoid.Compat ( src/Data/Monoid/Compat.hs, dist/dist-sandbox-54b365cc/build/Data/Monoid/Compat.o )
[ 56 of 122] Compiling Data.Monoid.Compat.Repl ( src/Data/Monoid/Compat/Repl.hs, dist/dist-sandbox-54b365cc/build/Data/Monoid/Compat/Repl.o )
[ 57 of 122] Compiling Data.Proxy.Compat ( src/Data/Proxy/Compat.hs, dist/dist-sandbox-54b365cc/build/Data/Proxy/Compat.o )
[ 58 of 122] Compiling Data.Proxy.Compat.Repl ( src/Data/Proxy/Compat/Repl.hs, dist/dist-sandbox-54b365cc/build/Data/Proxy/Compat/Repl.o )
[ 59 of 122] Compiling Data.Ratio.Compat ( src/Data/Ratio/Compat.hs, dist/dist-sandbox-54b365cc/build/Data/Ratio/Compat.o )
[ 60 of 122] Compiling Data.Ratio.Compat.Repl ( src/Data/Ratio/Compat/Repl.hs, dist/dist-sandbox-54b365cc/build/Data/Ratio/Compat/Repl.o )
[ 61 of 122] Compiling Data.STRef.Compat ( src/Data/STRef/Compat.hs, dist/dist-sandbox-54b365cc/build/Data/STRef/Compat.o )
[ 62 of 122] Compiling Data.STRef.Compat.Repl ( src/Data/STRef/Compat/Repl.hs, dist/dist-sandbox-54b365cc/build/Data/STRef/Compat/Repl.o )
[ 63 of 122] Compiling Data.Semigroup.Compat ( src/Data/Semigroup/Compat.hs, dist/dist-sandbox-54b365cc/build/Data/Semigroup/Compat.o )
[ 64 of 122] Compiling Data.Semigroup.Compat.Repl ( src/Data/Semigroup/Compat/Repl.hs, dist/dist-sandbox-54b365cc/build/Data/Semigroup/Compat/Repl.o )
[ 65 of 122] Compiling Data.String.Compat ( src/Data/String/Compat.hs, dist/dist-sandbox-54b365cc/build/Data/String/Compat.o )
[ 66 of 122] Compiling Data.String.Compat.Repl ( src/Data/String/Compat/Repl.hs, dist/dist-sandbox-54b365cc/build/Data/String/Compat/Repl.o )
[ 67 of 122] Compiling Data.Tuple.Compat ( src/Data/Tuple/Compat.hs, dist/dist-sandbox-54b365cc/build/Data/Tuple/Compat.o )
[ 68 of 122] Compiling Data.Tuple.Compat.Repl ( src/Data/Tuple/Compat/Repl.hs, dist/dist-sandbox-54b365cc/build/Data/Tuple/Compat/Repl.o )
[ 69 of 122] Compiling Data.Type.Coercion.Compat ( src/Data/Type/Coercion/Compat.hs, dist/dist-sandbox-54b365cc/build/Data/Type/Coercion/Compat.o )
[ 70 of 122] Compiling Data.Type.Coercion.Compat.Repl ( src/Data/Type/Coercion/Compat/Repl.hs, dist/dist-sandbox-54b365cc/build/Data/Type/Coercion/Compat/Repl.o )
[ 71 of 122] Compiling Data.Type.Equality.Compat ( src/Data/Type/Equality/Compat.hs, dist/dist-sandbox-54b365cc/build/Data/Type/Equality/Compat.o )
[ 72 of 122] Compiling Data.Type.Equality.Compat.Repl ( src/Data/Type/Equality/Compat/Repl.hs, dist/dist-sandbox-54b365cc/build/Data/Type/Equality/Compat/Repl.o )
[ 73 of 122] Compiling Data.Version.Compat ( src/Data/Version/Compat.hs, dist/dist-sandbox-54b365cc/build/Data/Version/Compat.o )
[ 74 of 122] Compiling Data.Version.Compat.Repl ( src/Data/Version/Compat/Repl.hs, dist/dist-sandbox-54b365cc/build/Data/Version/Compat/Repl.o )
[ 75 of 122] Compiling Data.Void.Compat ( src/Data/Void/Compat.hs, dist/dist-sandbox-54b365cc/build/Data/Void/Compat.o )
[ 76 of 122] Compiling Data.Void.Compat.Repl ( src/Data/Void/Compat/Repl.hs, dist/dist-sandbox-54b365cc/build/Data/Void/Compat/Repl.o )
[ 77 of 122] Compiling Data.Word.Compat ( src/Data/Word/Compat.hs, dist/dist-sandbox-54b365cc/build/Data/Word/Compat.o )
[ 78 of 122] Compiling Data.Word.Compat.Repl ( src/Data/Word/Compat/Repl.hs, dist/dist-sandbox-54b365cc/build/Data/Word/Compat/Repl.o )
[ 79 of 122] Compiling Debug.Trace.Compat ( src/Debug/Trace/Compat.hs, dist/dist-sandbox-54b365cc/build/Debug/Trace/Compat.o )
[ 80 of 122] Compiling Debug.Trace.Compat.Repl ( src/Debug/Trace/Compat/Repl.hs, dist/dist-sandbox-54b365cc/build/Debug/Trace/Compat/Repl.o )
[ 81 of 122] Compiling Foreign.ForeignPtr.Compat ( src/Foreign/ForeignPtr/Compat.hs, dist/dist-sandbox-54b365cc/build/Foreign/ForeignPtr/Compat.o )
[ 82 of 122] Compiling Foreign.ForeignPtr.Compat.Repl ( src/Foreign/ForeignPtr/Compat/Repl.hs, dist/dist-sandbox-54b365cc/build/Foreign/ForeignPtr/Compat/Repl.o )
[ 83 of 122] Compiling Foreign.ForeignPtr.Safe.Compat ( src/Foreign/ForeignPtr/Safe/Compat.hs, dist/dist-sandbox-54b365cc/build/Foreign/ForeignPtr/Safe/Compat.o )
[ 84 of 122] Compiling Foreign.ForeignPtr.Safe.Compat.Repl ( src/Foreign/ForeignPtr/Safe/Compat/Repl.hs, dist/dist-sandbox-54b365cc/build/Foreign/ForeignPtr/Safe/Compat/Repl.o )
[ 85 of 122] Compiling Foreign.ForeignPtr.Unsafe.Compat ( src/Foreign/ForeignPtr/Unsafe/Compat.hs, dist/dist-sandbox-54b365cc/build/Foreign/ForeignPtr/Unsafe/Compat.o )
[ 86 of 122] Compiling Foreign.ForeignPtr.Unsafe.Compat.Repl ( src/Foreign/ForeignPtr/Unsafe/Compat/Repl.hs, dist/dist-sandbox-54b365cc/build/Foreign/ForeignPtr/Unsafe/Compat/Repl.o )
[ 87 of 122] Compiling Foreign.Marshal.Alloc.Compat ( src/Foreign/Marshal/Alloc/Compat.hs, dist/dist-sandbox-54b365cc/build/Foreign/Marshal/Alloc/Compat.o )
[ 88 of 122] Compiling Foreign.Marshal.Alloc.Compat.Repl ( src/Foreign/Marshal/Alloc/Compat/Repl.hs, dist/dist-sandbox-54b365cc/build/Foreign/Marshal/Alloc/Compat/Repl.o )
[ 89 of 122] Compiling Foreign.Marshal.Array.Compat ( src/Foreign/Marshal/Array/Compat.hs, dist/dist-sandbox-54b365cc/build/Foreign/Marshal/Array/Compat.o )
[ 90 of 122] Compiling Foreign.Marshal.Array.Compat.Repl ( src/Foreign/Marshal/Array/Compat/Repl.hs, dist/dist-sandbox-54b365cc/build/Foreign/Marshal/Array/Compat/Repl.o )
[ 91 of 122] Compiling Foreign.Marshal.Safe.Compat ( src/Foreign/Marshal/Safe/Compat.hs, dist/dist-sandbox-54b365cc/build/Foreign/Marshal/Safe/Compat.o )
[ 92 of 122] Compiling Foreign.Marshal.Safe.Compat.Repl ( src/Foreign/Marshal/Safe/Compat/Repl.hs, dist/dist-sandbox-54b365cc/build/Foreign/Marshal/Safe/Compat/Repl.o )
[ 93 of 122] Compiling Foreign.Marshal.Unsafe.Compat ( src/Foreign/Marshal/Unsafe/Compat.hs, dist/dist-sandbox-54b365cc/build/Foreign/Marshal/Unsafe/Compat.o )
[ 94 of 122] Compiling Foreign.Marshal.Unsafe.Compat.Repl ( src/Foreign/Marshal/Unsafe/Compat/Repl.hs, dist/dist-sandbox-54b365cc/build/Foreign/Marshal/Unsafe/Compat/Repl.o )
[ 95 of 122] Compiling Foreign.Marshal.Utils.Compat ( src/Foreign/Marshal/Utils/Compat.hs, dist/dist-sandbox-54b365cc/build/Foreign/Marshal/Utils/Compat.o )
[ 96 of 122] Compiling Foreign.Marshal.Compat ( src/Foreign/Marshal/Compat.hs, dist/dist-sandbox-54b365cc/build/Foreign/Marshal/Compat.o )
[ 97 of 122] Compiling Foreign.Marshal.Compat.Repl ( src/Foreign/Marshal/Compat/Repl.hs, dist/dist-sandbox-54b365cc/build/Foreign/Marshal/Compat/Repl.o )
[ 98 of 122] Compiling Foreign.Compat   ( src/Foreign/Compat.hs, dist/dist-sandbox-54b365cc/build/Foreign/Compat.o )
[ 99 of 122] Compiling Foreign.Compat.Repl ( src/Foreign/Compat/Repl.hs, dist/dist-sandbox-54b365cc/build/Foreign/Compat/Repl.o )
[100 of 122] Compiling Foreign.Marshal.Utils.Compat.Repl ( src/Foreign/Marshal/Utils/Compat/Repl.hs, dist/dist-sandbox-54b365cc/build/Foreign/Marshal/Utils/Compat/Repl.o )
[101 of 122] Compiling Numeric.Natural.Compat ( src/Numeric/Natural/Compat.hs, dist/dist-sandbox-54b365cc/build/Numeric/Natural/Compat.o )
[102 of 122] Compiling Numeric.Natural.Compat.Repl ( src/Numeric/Natural/Compat/Repl.hs, dist/dist-sandbox-54b365cc/build/Numeric/Natural/Compat/Repl.o )
[103 of 122] Compiling Prelude.Compat   ( src/Prelude/Compat.hs, dist/dist-sandbox-54b365cc/build/Prelude/Compat.o )
[104 of 122] Compiling Prelude.Compat.Repl ( src/Prelude/Compat/Repl.hs, dist/dist-sandbox-54b365cc/build/Prelude/Compat/Repl.o )
[105 of 122] Compiling System.Environment.Compat ( src/System/Environment/Compat.hs, dist/dist-sandbox-54b365cc/build/System/Environment/Compat.o )
[106 of 122] Compiling System.Environment.Compat.Repl ( src/System/Environment/Compat/Repl.hs, dist/dist-sandbox-54b365cc/build/System/Environment/Compat/Repl.o )
[107 of 122] Compiling System.Exit.Compat ( src/System/Exit/Compat.hs, dist/dist-sandbox-54b365cc/build/System/Exit/Compat.o )
[108 of 122] Compiling System.Exit.Compat.Repl ( src/System/Exit/Compat/Repl.hs, dist/dist-sandbox-54b365cc/build/System/Exit/Compat/Repl.o )
[109 of 122] Compiling System.IO.Compat ( src/System/IO/Compat.hs, dist/dist-sandbox-54b365cc/build/System/IO/Compat.o )
[110 of 122] Compiling System.IO.Compat.Repl ( src/System/IO/Compat/Repl.hs, dist/dist-sandbox-54b365cc/build/System/IO/Compat/Repl.o )
[111 of 122] Compiling System.IO.Error.Compat ( src/System/IO/Error/Compat.hs, dist/dist-sandbox-54b365cc/build/System/IO/Error/Compat.o )
[112 of 122] Compiling System.IO.Error.Compat.Repl ( src/System/IO/Error/Compat/Repl.hs, dist/dist-sandbox-54b365cc/build/System/IO/Error/Compat/Repl.o )
[113 of 122] Compiling System.IO.Unsafe.Compat ( src/System/IO/Unsafe/Compat.hs, dist/dist-sandbox-54b365cc/build/System/IO/Unsafe/Compat.o )
[114 of 122] Compiling System.IO.Unsafe.Compat.Repl ( src/System/IO/Unsafe/Compat/Repl.hs, dist/dist-sandbox-54b365cc/build/System/IO/Unsafe/Compat/Repl.o )
[115 of 122] Compiling Text.Read.Compat ( src/Text/Read/Compat.hs, dist/dist-sandbox-54b365cc/build/Text/Read/Compat.o )
[116 of 122] Compiling Text.Read.Compat.Repl ( src/Text/Read/Compat/Repl.hs, dist/dist-sandbox-54b365cc/build/Text/Read/Compat/Repl.o )
[117 of 122] Compiling Text.Read.Lex.Compat ( src/Text/Read/Lex/Compat.hs, dist/dist-sandbox-54b365cc/build/Text/Read/Lex/Compat.o )
[118 of 122] Compiling Numeric.Compat   ( src/Numeric/Compat.hs, dist/dist-sandbox-54b365cc/build/Numeric/Compat.o )
[119 of 122] Compiling Numeric.Compat.Repl ( src/Numeric/Compat/Repl.hs, dist/dist-sandbox-54b365cc/build/Numeric/Compat/Repl.o )
[120 of 122] Compiling Text.Read.Lex.Compat.Repl ( src/Text/Read/Lex/Compat/Repl.hs, dist/dist-sandbox-54b365cc/build/Text/Read/Lex/Compat/Repl.o )
[121 of 122] Compiling Type.Reflection.Compat ( src/Type/Reflection/Compat.hs, dist/dist-sandbox-54b365cc/build/Type/Reflection/Compat.o )
[122 of 122] Compiling Type.Reflection.Compat.Repl ( src/Type/Reflection/Compat/Repl.hs, dist/dist-sandbox-54b365cc/build/Type/Reflection/Compat/Repl.o )
Installing library in /mnt/c/Users/n.nguyen/OneDrive/FP/Sudoku/.cabal-sandbox/lib/x86_64-linux-ghc-8.6.5/base-compat-0.12.1-uMTPyxtbeC9sSYtBMSQfe
cabal: Leaving directory '/tmp/cabal-tmp-2285/base-compat-0.12.1'
