cabal: Entering directory '/tmp/cabal-tmp-2283/comonad-5.0.8'
Configuring comonad-5.0.8...
Preprocessing library for comonad-5.0.8..
Building library for comonad-5.0.8..
[ 1 of 15] Compiling Control.Comonad  ( src/Control/Comonad.hs, dist/dist-sandbox-54b365cc/build/Control/Comonad.o )
[ 2 of 15] Compiling Control.Comonad.Hoist.Class ( src/Control/Comonad/Hoist/Class.hs, dist/dist-sandbox-54b365cc/build/Control/Comonad/Hoist/Class.o )
[ 3 of 15] Compiling Control.Comonad.Trans.Class ( src/Control/Comonad/Trans/Class.hs, dist/dist-sandbox-54b365cc/build/Control/Comonad/Trans/Class.o )
[ 4 of 15] Compiling Control.Comonad.Trans.Env ( src/Control/Comonad/Trans/Env.hs, dist/dist-sandbox-54b365cc/build/Control/Comonad/Trans/Env.o )
[ 5 of 15] Compiling Control.Comonad.Trans.Identity ( src/Control/Comonad/Trans/Identity.hs, dist/dist-sandbox-54b365cc/build/Control/Comonad/Trans/Identity.o )
[ 6 of 15] Compiling Control.Comonad.Identity ( src/Control/Comonad/Identity.hs, dist/dist-sandbox-54b365cc/build/Control/Comonad/Identity.o )
[ 7 of 15] Compiling Control.Comonad.Trans.Store ( src/Control/Comonad/Trans/Store.hs, dist/dist-sandbox-54b365cc/build/Control/Comonad/Trans/Store.o )
[ 8 of 15] Compiling Control.Comonad.Trans.Traced ( src/Control/Comonad/Trans/Traced.hs, dist/dist-sandbox-54b365cc/build/Control/Comonad/Trans/Traced.o )
[ 9 of 15] Compiling Control.Comonad.Traced.Class ( src/Control/Comonad/Traced/Class.hs, dist/dist-sandbox-54b365cc/build/Control/Comonad/Traced/Class.o )
[10 of 15] Compiling Control.Comonad.Traced ( src/Control/Comonad/Traced.hs, dist/dist-sandbox-54b365cc/build/Control/Comonad/Traced.o )
[11 of 15] Compiling Control.Comonad.Store.Class ( src/Control/Comonad/Store/Class.hs, dist/dist-sandbox-54b365cc/build/Control/Comonad/Store/Class.o )
[12 of 15] Compiling Control.Comonad.Store ( src/Control/Comonad/Store.hs, dist/dist-sandbox-54b365cc/build/Control/Comonad/Store.o )
[13 of 15] Compiling Control.Comonad.Env.Class ( src/Control/Comonad/Env/Class.hs, dist/dist-sandbox-54b365cc/build/Control/Comonad/Env/Class.o )
[14 of 15] Compiling Control.Comonad.Env ( src/Control/Comonad/Env.hs, dist/dist-sandbox-54b365cc/build/Control/Comonad/Env.o )
[15 of 15] Compiling Data.Functor.Composition ( src/Data/Functor/Composition.hs, dist/dist-sandbox-54b365cc/build/Data/Functor/Composition.o )
Installing library in /mnt/c/Users/n.nguyen/OneDrive/FP/Sudoku/.cabal-sandbox/lib/x86_64-linux-ghc-8.6.5/comonad-5.0.8-rTjjaMBAhA1HnyRn1UkJL
cabal: Leaving directory '/tmp/cabal-tmp-2283/comonad-5.0.8'
