cabal: Entering directory '/tmp/cabal-tmp-532/cryptonite-0.29'
Configuring cryptonite-0.29...
Preprocessing library for cryptonite-0.29..
Building library for cryptonite-0.29..
[  1 of 137] Compiling Crypto.Cipher.DES.Primitive ( Crypto/Cipher/DES/Primitive.hs, dist/dist-sandbox-54b365cc/build/Crypto/Cipher/DES/Primitive.o )
[  2 of 137] Compiling Crypto.Data.Padding ( Crypto/Data/Padding.hs, dist/dist-sandbox-54b365cc/build/Crypto/Data/Padding.o )
[  3 of 137] Compiling Crypto.Error.Types ( Crypto/Error/Types.hs, dist/dist-sandbox-54b365cc/build/Crypto/Error/Types.o )
[  4 of 137] Compiling Crypto.Error     ( Crypto/Error.hs, dist/dist-sandbox-54b365cc/build/Crypto/Error.o )
[  5 of 137] Compiling Crypto.Internal.Compat ( Crypto/Internal/Compat.hs, dist/dist-sandbox-54b365cc/build/Crypto/Internal/Compat.o )
[  6 of 137] Compiling Crypto.Internal.ByteArray ( Crypto/Internal/ByteArray.hs, dist/dist-sandbox-54b365cc/build/Crypto/Internal/ByteArray.o )
[  7 of 137] Compiling Crypto.Cipher.Types.Utils ( Crypto/Cipher/Types/Utils.hs, dist/dist-sandbox-54b365cc/build/Crypto/Cipher/Types/Utils.o )
[  8 of 137] Compiling Crypto.Internal.CompatPrim ( Crypto/Internal/CompatPrim.hs, dist/dist-sandbox-54b365cc/build/Crypto/Internal/CompatPrim.o )
[  9 of 137] Compiling Crypto.Internal.DeepSeq ( Crypto/Internal/DeepSeq.hs, dist/dist-sandbox-54b365cc/build/Crypto/Internal/DeepSeq.o )
[ 10 of 137] Compiling Crypto.Cipher.Types.Base ( Crypto/Cipher/Types/Base.hs, dist/dist-sandbox-54b365cc/build/Crypto/Cipher/Types/Base.o )
[ 11 of 137] Compiling Crypto.Cipher.Types.Stream ( Crypto/Cipher/Types/Stream.hs, dist/dist-sandbox-54b365cc/build/Crypto/Cipher/Types/Stream.o )
[ 12 of 137] Compiling Crypto.Internal.Imports ( Crypto/Internal/Imports.hs, dist/dist-sandbox-54b365cc/build/Crypto/Internal/Imports.o )
[ 13 of 137] Compiling Crypto.Internal.Builder ( Crypto/Internal/Builder.hs, dist/dist-sandbox-54b365cc/build/Crypto/Internal/Builder.o )
[ 14 of 137] Compiling Crypto.Hash.Types ( Crypto/Hash/Types.hs, dist/dist-sandbox-54b365cc/build/Crypto/Hash/Types.o )
[ 15 of 137] Compiling Crypto.Hash.Whirlpool ( Crypto/Hash/Whirlpool.hs, dist/dist-sandbox-54b365cc/build/Crypto/Hash/Whirlpool.o )
[ 16 of 137] Compiling Crypto.Hash.Tiger ( Crypto/Hash/Tiger.hs, dist/dist-sandbox-54b365cc/build/Crypto/Hash/Tiger.o )
[ 17 of 137] Compiling Crypto.Hash.Skein512 ( Crypto/Hash/Skein512.hs, dist/dist-sandbox-54b365cc/build/Crypto/Hash/Skein512.o )
[ 18 of 137] Compiling Crypto.Hash.Skein256 ( Crypto/Hash/Skein256.hs, dist/dist-sandbox-54b365cc/build/Crypto/Hash/Skein256.o )
[ 19 of 137] Compiling Crypto.Hash.SHA512t ( Crypto/Hash/SHA512t.hs, dist/dist-sandbox-54b365cc/build/Crypto/Hash/SHA512t.o )
[ 20 of 137] Compiling Crypto.Hash.SHA512 ( Crypto/Hash/SHA512.hs, dist/dist-sandbox-54b365cc/build/Crypto/Hash/SHA512.o )
[ 21 of 137] Compiling Crypto.Hash.SHA384 ( Crypto/Hash/SHA384.hs, dist/dist-sandbox-54b365cc/build/Crypto/Hash/SHA384.o )
[ 22 of 137] Compiling Crypto.Hash.SHA3 ( Crypto/Hash/SHA3.hs, dist/dist-sandbox-54b365cc/build/Crypto/Hash/SHA3.o )
[ 23 of 137] Compiling Crypto.Hash.SHA256 ( Crypto/Hash/SHA256.hs, dist/dist-sandbox-54b365cc/build/Crypto/Hash/SHA256.o )
[ 24 of 137] Compiling Crypto.Hash.SHA224 ( Crypto/Hash/SHA224.hs, dist/dist-sandbox-54b365cc/build/Crypto/Hash/SHA224.o )
[ 25 of 137] Compiling Crypto.Hash.SHA1 ( Crypto/Hash/SHA1.hs, dist/dist-sandbox-54b365cc/build/Crypto/Hash/SHA1.o )
[ 26 of 137] Compiling Crypto.Hash.RIPEMD160 ( Crypto/Hash/RIPEMD160.hs, dist/dist-sandbox-54b365cc/build/Crypto/Hash/RIPEMD160.o )
[ 27 of 137] Compiling Crypto.Hash.MD5  ( Crypto/Hash/MD5.hs, dist/dist-sandbox-54b365cc/build/Crypto/Hash/MD5.o )
[ 28 of 137] Compiling Crypto.Hash.MD4  ( Crypto/Hash/MD4.hs, dist/dist-sandbox-54b365cc/build/Crypto/Hash/MD4.o )
[ 29 of 137] Compiling Crypto.Hash.MD2  ( Crypto/Hash/MD2.hs, dist/dist-sandbox-54b365cc/build/Crypto/Hash/MD2.o )
[ 30 of 137] Compiling Crypto.Hash.Keccak ( Crypto/Hash/Keccak.hs, dist/dist-sandbox-54b365cc/build/Crypto/Hash/Keccak.o )
[ 31 of 137] Compiling Crypto.Hash.IO   ( Crypto/Hash/IO.hs, dist/dist-sandbox-54b365cc/build/Crypto/Hash/IO.o )
[ 32 of 137] Compiling Crypto.Hash.Blake2sp ( Crypto/Hash/Blake2sp.hs, dist/dist-sandbox-54b365cc/build/Crypto/Hash/Blake2sp.o )
[ 33 of 137] Compiling Crypto.Hash.Blake2s ( Crypto/Hash/Blake2s.hs, dist/dist-sandbox-54b365cc/build/Crypto/Hash/Blake2s.o )
[ 34 of 137] Compiling Crypto.Hash.Blake2bp ( Crypto/Hash/Blake2bp.hs, dist/dist-sandbox-54b365cc/build/Crypto/Hash/Blake2bp.o )
[ 35 of 137] Compiling Crypto.Hash.Blake2b ( Crypto/Hash/Blake2b.hs, dist/dist-sandbox-54b365cc/build/Crypto/Hash/Blake2b.o )
[ 36 of 137] Compiling Crypto.Cipher.Types.GF ( Crypto/Cipher/Types/GF.hs, dist/dist-sandbox-54b365cc/build/Crypto/Cipher/Types/GF.o )
[ 37 of 137] Compiling Crypto.Cipher.Types.AEAD ( Crypto/Cipher/Types/AEAD.hs, dist/dist-sandbox-54b365cc/build/Crypto/Cipher/Types/AEAD.o )
[ 38 of 137] Compiling Crypto.Cipher.Types.Block ( Crypto/Cipher/Types/Block.hs, dist/dist-sandbox-54b365cc/build/Crypto/Cipher/Types/Block.o )
[ 39 of 137] Compiling Crypto.Cipher.Types ( Crypto/Cipher/Types.hs, dist/dist-sandbox-54b365cc/build/Crypto/Cipher/Types.o )
[ 40 of 137] Compiling Crypto.ConstructHash.MiyaguchiPreneel ( Crypto/ConstructHash/MiyaguchiPreneel.hs, dist/dist-sandbox-54b365cc/build/Crypto/ConstructHash/MiyaguchiPreneel.o )
[ 41 of 137] Compiling Crypto.Cipher.Utils ( Crypto/Cipher/Utils.hs, dist/dist-sandbox-54b365cc/build/Crypto/Cipher/Utils.o )
[ 42 of 137] Compiling Crypto.Cipher.TripleDES ( Crypto/Cipher/TripleDES.hs, dist/dist-sandbox-54b365cc/build/Crypto/Cipher/TripleDES.o )
[ 43 of 137] Compiling Crypto.Cipher.DES ( Crypto/Cipher/DES.hs, dist/dist-sandbox-54b365cc/build/Crypto/Cipher/DES.o )
[ 44 of 137] Compiling Crypto.Cipher.Salsa ( Crypto/Cipher/Salsa.hs, dist/dist-sandbox-54b365cc/build/Crypto/Cipher/Salsa.o )
[ 45 of 137] Compiling Crypto.Cipher.XSalsa ( Crypto/Cipher/XSalsa.hs, dist/dist-sandbox-54b365cc/build/Crypto/Cipher/XSalsa.o )
[ 46 of 137] Compiling Crypto.Cipher.RC4 ( Crypto/Cipher/RC4.hs, dist/dist-sandbox-54b365cc/build/Crypto/Cipher/RC4.o )
[ 47 of 137] Compiling Crypto.Cipher.ChaCha ( Crypto/Cipher/ChaCha.hs, dist/dist-sandbox-54b365cc/build/Crypto/Cipher/ChaCha.o )
[ 48 of 137] Compiling Crypto.Cipher.AES.Primitive ( Crypto/Cipher/AES/Primitive.hs, dist/dist-sandbox-54b365cc/build/Crypto/Cipher/AES/Primitive.o )
[ 49 of 137] Compiling Crypto.Cipher.AES ( Crypto/Cipher/AES.hs, dist/dist-sandbox-54b365cc/build/Crypto/Cipher/AES.o )
[ 50 of 137] Compiling Crypto.Internal.Nat ( Crypto/Internal/Nat.hs, dist/dist-sandbox-54b365cc/build/Crypto/Internal/Nat.o )
[ 51 of 137] Compiling Crypto.Hash.SHAKE ( Crypto/Hash/SHAKE.hs, dist/dist-sandbox-54b365cc/build/Crypto/Hash/SHAKE.o )
[ 52 of 137] Compiling Crypto.Hash.Blake2 ( Crypto/Hash/Blake2.hs, dist/dist-sandbox-54b365cc/build/Crypto/Hash/Blake2.o )
[ 53 of 137] Compiling Crypto.Hash.Algorithms ( Crypto/Hash/Algorithms.hs, dist/dist-sandbox-54b365cc/build/Crypto/Hash/Algorithms.o )
[ 54 of 137] Compiling Crypto.Hash      ( Crypto/Hash.hs, dist/dist-sandbox-54b365cc/build/Crypto/Hash.o )
[ 55 of 137] Compiling Crypto.Internal.WordArray ( Crypto/Internal/WordArray.hs, dist/dist-sandbox-54b365cc/build/Crypto/Internal/WordArray.o )
[ 56 of 137] Compiling Crypto.Cipher.Twofish.Primitive ( Crypto/Cipher/Twofish/Primitive.hs, dist/dist-sandbox-54b365cc/build/Crypto/Cipher/Twofish/Primitive.o )
[ 57 of 137] Compiling Crypto.Cipher.Twofish ( Crypto/Cipher/Twofish.hs, dist/dist-sandbox-54b365cc/build/Crypto/Cipher/Twofish.o )
[ 58 of 137] Compiling Crypto.Cipher.CAST5.Primitive ( Crypto/Cipher/CAST5/Primitive.hs, dist/dist-sandbox-54b365cc/build/Crypto/Cipher/CAST5/Primitive.o )
[ 59 of 137] Compiling Crypto.Cipher.CAST5 ( Crypto/Cipher/CAST5.hs, dist/dist-sandbox-54b365cc/build/Crypto/Cipher/CAST5.o )
[ 60 of 137] Compiling Crypto.Cipher.Blowfish.Box ( Crypto/Cipher/Blowfish/Box.hs, dist/dist-sandbox-54b365cc/build/Crypto/Cipher/Blowfish/Box.o )
[ 61 of 137] Compiling Crypto.Cipher.Blowfish.Primitive ( Crypto/Cipher/Blowfish/Primitive.hs, dist/dist-sandbox-54b365cc/build/Crypto/Cipher/Blowfish/Primitive.o )
[ 62 of 137] Compiling Crypto.Cipher.Blowfish ( Crypto/Cipher/Blowfish.hs, dist/dist-sandbox-54b365cc/build/Crypto/Cipher/Blowfish.o )
[ 63 of 137] Compiling Crypto.Internal.Words ( Crypto/Internal/Words.hs, dist/dist-sandbox-54b365cc/build/Crypto/Internal/Words.o )
[ 64 of 137] Compiling Crypto.Cipher.Camellia.Primitive ( Crypto/Cipher/Camellia/Primitive.hs, dist/dist-sandbox-54b365cc/build/Crypto/Cipher/Camellia/Primitive.o )
[ 65 of 137] Compiling Crypto.Cipher.Camellia ( Crypto/Cipher/Camellia.hs, dist/dist-sandbox-54b365cc/build/Crypto/Cipher/Camellia.o )
[ 66 of 137] Compiling Crypto.KDF.Argon2 ( Crypto/KDF/Argon2.hs, dist/dist-sandbox-54b365cc/build/Crypto/KDF/Argon2.o )
[ 67 of 137] Compiling Crypto.KDF.BCryptPBKDF ( Crypto/KDF/BCryptPBKDF.hs, dist/dist-sandbox-54b365cc/build/Crypto/KDF/BCryptPBKDF.o )
[ 68 of 137] Compiling Crypto.MAC.CMAC  ( Crypto/MAC/CMAC.hs, dist/dist-sandbox-54b365cc/build/Crypto/MAC/CMAC.o )
[ 69 of 137] Compiling Crypto.MAC.HMAC  ( Crypto/MAC/HMAC.hs, dist/dist-sandbox-54b365cc/build/Crypto/MAC/HMAC.o )
[ 70 of 137] Compiling Crypto.KDF.PBKDF2 ( Crypto/KDF/PBKDF2.hs, dist/dist-sandbox-54b365cc/build/Crypto/KDF/PBKDF2.o )
[ 71 of 137] Compiling Crypto.KDF.Scrypt ( Crypto/KDF/Scrypt.hs, dist/dist-sandbox-54b365cc/build/Crypto/KDF/Scrypt.o )
[ 72 of 137] Compiling Crypto.KDF.HKDF  ( Crypto/KDF/HKDF.hs, dist/dist-sandbox-54b365cc/build/Crypto/KDF/HKDF.o )
[ 73 of 137] Compiling Crypto.MAC.KMAC  ( Crypto/MAC/KMAC.hs, dist/dist-sandbox-54b365cc/build/Crypto/MAC/KMAC.o )
[ 74 of 137] Compiling Crypto.MAC.Poly1305 ( Crypto/MAC/Poly1305.hs, dist/dist-sandbox-54b365cc/build/Crypto/MAC/Poly1305.o )
[ 75 of 137] Compiling Crypto.Cipher.ChaChaPoly1305 ( Crypto/Cipher/ChaChaPoly1305.hs, dist/dist-sandbox-54b365cc/build/Crypto/Cipher/ChaChaPoly1305.o )
[ 76 of 137] Compiling Crypto.Number.Compat ( Crypto/Number/Compat.hs, dist/dist-sandbox-54b365cc/build/Crypto/Number/Compat.o )
[ 77 of 137] Compiling Crypto.Number.Basic ( Crypto/Number/Basic.hs, dist/dist-sandbox-54b365cc/build/Crypto/Number/Basic.o )
[ 78 of 137] Compiling Crypto.ECC.Simple.Types ( Crypto/ECC/Simple/Types.hs, dist/dist-sandbox-54b365cc/build/Crypto/ECC/Simple/Types.o )
[ 79 of 137] Compiling Crypto.Number.F2m ( Crypto/Number/F2m.hs, dist/dist-sandbox-54b365cc/build/Crypto/Number/F2m.o )
[ 80 of 137] Compiling Crypto.Number.ModArithmetic ( Crypto/Number/ModArithmetic.hs, dist/dist-sandbox-54b365cc/build/Crypto/Number/ModArithmetic.o )
[ 81 of 137] Compiling Crypto.Number.Nat ( Crypto/Number/Nat.hs, dist/dist-sandbox-54b365cc/build/Crypto/Number/Nat.o )
[ 82 of 137] Compiling Crypto.Number.Serialize.Internal ( Crypto/Number/Serialize/Internal.hs, dist/dist-sandbox-54b365cc/build/Crypto/Number/Serialize/Internal.o )
[ 83 of 137] Compiling Crypto.Number.Serialize ( Crypto/Number/Serialize.hs, dist/dist-sandbox-54b365cc/build/Crypto/Number/Serialize.o )
[ 84 of 137] Compiling Crypto.Number.Serialize.Internal.LE ( Crypto/Number/Serialize/Internal/LE.hs, dist/dist-sandbox-54b365cc/build/Crypto/Number/Serialize/Internal/LE.o )
[ 85 of 137] Compiling Crypto.Number.Serialize.LE ( Crypto/Number/Serialize/LE.hs, dist/dist-sandbox-54b365cc/build/Crypto/Number/Serialize/LE.o )
[ 86 of 137] Compiling Crypto.OTP       ( Crypto/OTP.hs, dist/dist-sandbox-54b365cc/build/Crypto/OTP.o )
[ 87 of 137] Compiling Crypto.PubKey.ECC.Types ( Crypto/PubKey/ECC/Types.hs, dist/dist-sandbox-54b365cc/build/Crypto/PubKey/ECC/Types.o )
[ 88 of 137] Compiling Crypto.PubKey.Internal ( Crypto/PubKey/Internal.hs, dist/dist-sandbox-54b365cc/build/Crypto/PubKey/Internal.o )
[ 89 of 137] Compiling Crypto.PubKey.MaskGenFunction ( Crypto/PubKey/MaskGenFunction.hs, dist/dist-sandbox-54b365cc/build/Crypto/PubKey/MaskGenFunction.o )
[ 90 of 137] Compiling Crypto.PubKey.RSA.Types ( Crypto/PubKey/RSA/Types.hs, dist/dist-sandbox-54b365cc/build/Crypto/PubKey/RSA/Types.o )
[ 91 of 137] Compiling Crypto.PubKey.RSA.Prim ( Crypto/PubKey/RSA/Prim.hs, dist/dist-sandbox-54b365cc/build/Crypto/PubKey/RSA/Prim.o )
[ 92 of 137] Compiling Crypto.Random.Entropy.Source ( Crypto/Random/Entropy/Source.hs, dist/dist-sandbox-54b365cc/build/Crypto/Random/Entropy/Source.o )
[ 93 of 137] Compiling Crypto.Random.Entropy.RDRand ( Crypto/Random/Entropy/RDRand.hs, dist/dist-sandbox-54b365cc/build/Crypto/Random/Entropy/RDRand.o )
[ 94 of 137] Compiling Crypto.Random.Entropy.Unix ( Crypto/Random/Entropy/Unix.hs, dist/dist-sandbox-54b365cc/build/Crypto/Random/Entropy/Unix.o )
[ 95 of 137] Compiling Crypto.Random.Entropy.Backend ( Crypto/Random/Entropy/Backend.hs, dist/dist-sandbox-54b365cc/build/Crypto/Random/Entropy/Backend.o )
[ 96 of 137] Compiling Crypto.Random.Entropy.Unsafe ( Crypto/Random/Entropy/Unsafe.hs, dist/dist-sandbox-54b365cc/build/Crypto/Random/Entropy/Unsafe.o )
[ 97 of 137] Compiling Crypto.Random.Entropy ( Crypto/Random/Entropy.hs, dist/dist-sandbox-54b365cc/build/Crypto/Random/Entropy.o )
[ 98 of 137] Compiling Crypto.Random.EntropyPool ( Crypto/Random/EntropyPool.hs, dist/dist-sandbox-54b365cc/build/Crypto/Random/EntropyPool.o )
[ 99 of 137] Compiling Crypto.Random.Types ( Crypto/Random/Types.hs, dist/dist-sandbox-54b365cc/build/Crypto/Random/Types.o )
[100 of 137] Compiling Crypto.Random.SystemDRG ( Crypto/Random/SystemDRG.hs, dist/dist-sandbox-54b365cc/build/Crypto/Random/SystemDRG.o )
[101 of 137] Compiling Crypto.Random.ChaChaDRG ( Crypto/Random/ChaChaDRG.hs, dist/dist-sandbox-54b365cc/build/Crypto/Random/ChaChaDRG.o )
[102 of 137] Compiling Crypto.Random    ( Crypto/Random.hs, dist/dist-sandbox-54b365cc/build/Crypto/Random.o )
[103 of 137] Compiling Crypto.Random.Probabilistic ( Crypto/Random/Probabilistic.hs, dist/dist-sandbox-54b365cc/build/Crypto/Random/Probabilistic.o )
[104 of 137] Compiling Crypto.PubKey.Ed448 ( Crypto/PubKey/Ed448.hs, dist/dist-sandbox-54b365cc/build/Crypto/PubKey/Ed448.o )
[105 of 137] Compiling Crypto.PubKey.Ed25519 ( Crypto/PubKey/Ed25519.hs, dist/dist-sandbox-54b365cc/build/Crypto/PubKey/Ed25519.o )
[106 of 137] Compiling Crypto.PubKey.ECC.P256 ( Crypto/PubKey/ECC/P256.hs, dist/dist-sandbox-54b365cc/build/Crypto/PubKey/ECC/P256.o )
[107 of 137] Compiling Crypto.PubKey.Curve448 ( Crypto/PubKey/Curve448.hs, dist/dist-sandbox-54b365cc/build/Crypto/PubKey/Curve448.o )
[108 of 137] Compiling Crypto.PubKey.Curve25519 ( Crypto/PubKey/Curve25519.hs, dist/dist-sandbox-54b365cc/build/Crypto/PubKey/Curve25519.o )
[109 of 137] Compiling Crypto.KDF.BCrypt ( Crypto/KDF/BCrypt.hs, dist/dist-sandbox-54b365cc/build/Crypto/KDF/BCrypt.o )
[110 of 137] Compiling Crypto.ECC.Edwards25519 ( Crypto/ECC/Edwards25519.hs, dist/dist-sandbox-54b365cc/build/Crypto/ECC/Edwards25519.o )
[111 of 137] Compiling Crypto.Cipher.AESGCMSIV ( Crypto/Cipher/AESGCMSIV.hs, dist/dist-sandbox-54b365cc/build/Crypto/Cipher/AESGCMSIV.o )
[112 of 137] Compiling Crypto.Number.Generate ( Crypto/Number/Generate.hs, dist/dist-sandbox-54b365cc/build/Crypto/Number/Generate.o )
[113 of 137] Compiling Crypto.PubKey.ECC.Prim ( Crypto/PubKey/ECC/Prim.hs, dist/dist-sandbox-54b365cc/build/Crypto/PubKey/ECC/Prim.o )
[114 of 137] Compiling Crypto.PubKey.ECC.ECDSA ( Crypto/PubKey/ECC/ECDSA.hs, dist/dist-sandbox-54b365cc/build/Crypto/PubKey/ECC/ECDSA.o )
[115 of 137] Compiling Crypto.PubKey.ECC.Generate ( Crypto/PubKey/ECC/Generate.hs, dist/dist-sandbox-54b365cc/build/Crypto/PubKey/ECC/Generate.o )
[116 of 137] Compiling Crypto.PubKey.DSA ( Crypto/PubKey/DSA.hs, dist/dist-sandbox-54b365cc/build/Crypto/PubKey/DSA.o )
[117 of 137] Compiling Crypto.Number.Prime ( Crypto/Number/Prime.hs, dist/dist-sandbox-54b365cc/build/Crypto/Number/Prime.o )
[118 of 137] Compiling Crypto.PubKey.Rabin.Types ( Crypto/PubKey/Rabin/Types.hs, dist/dist-sandbox-54b365cc/build/Crypto/PubKey/Rabin/Types.o )
[119 of 137] Compiling Crypto.PubKey.Rabin.OAEP ( Crypto/PubKey/Rabin/OAEP.hs, dist/dist-sandbox-54b365cc/build/Crypto/PubKey/Rabin/OAEP.o )
[120 of 137] Compiling Crypto.PubKey.Rabin.RW ( Crypto/PubKey/Rabin/RW.hs, dist/dist-sandbox-54b365cc/build/Crypto/PubKey/Rabin/RW.o )
[121 of 137] Compiling Crypto.PubKey.Rabin.Modified ( Crypto/PubKey/Rabin/Modified.hs, dist/dist-sandbox-54b365cc/build/Crypto/PubKey/Rabin/Modified.o )
[122 of 137] Compiling Crypto.PubKey.Rabin.Basic ( Crypto/PubKey/Rabin/Basic.hs, dist/dist-sandbox-54b365cc/build/Crypto/PubKey/Rabin/Basic.o )
[123 of 137] Compiling Crypto.PubKey.RSA ( Crypto/PubKey/RSA.hs, dist/dist-sandbox-54b365cc/build/Crypto/PubKey/RSA.o )
[124 of 137] Compiling Crypto.PubKey.RSA.PSS ( Crypto/PubKey/RSA/PSS.hs, dist/dist-sandbox-54b365cc/build/Crypto/PubKey/RSA/PSS.o )
[125 of 137] Compiling Crypto.PubKey.RSA.PKCS15 ( Crypto/PubKey/RSA/PKCS15.hs, dist/dist-sandbox-54b365cc/build/Crypto/PubKey/RSA/PKCS15.o )
[126 of 137] Compiling Crypto.PubKey.RSA.OAEP ( Crypto/PubKey/RSA/OAEP.hs, dist/dist-sandbox-54b365cc/build/Crypto/PubKey/RSA/OAEP.o )
[127 of 137] Compiling Crypto.PubKey.DH ( Crypto/PubKey/DH.hs, dist/dist-sandbox-54b365cc/build/Crypto/PubKey/DH.o )
[128 of 137] Compiling Crypto.PubKey.ElGamal ( Crypto/PubKey/ElGamal.hs, dist/dist-sandbox-54b365cc/build/Crypto/PubKey/ElGamal.o )
[129 of 137] Compiling Crypto.PubKey.ECC.DH ( Crypto/PubKey/ECC/DH.hs, dist/dist-sandbox-54b365cc/build/Crypto/PubKey/ECC/DH.o )
[130 of 137] Compiling Crypto.ECC.Simple.Prim ( Crypto/ECC/Simple/Prim.hs, dist/dist-sandbox-54b365cc/build/Crypto/ECC/Simple/Prim.o )
[131 of 137] Compiling Crypto.ECC       ( Crypto/ECC.hs, dist/dist-sandbox-54b365cc/build/Crypto/ECC.o )
[132 of 137] Compiling Crypto.PubKey.EdDSA ( Crypto/PubKey/EdDSA.hs, dist/dist-sandbox-54b365cc/build/Crypto/PubKey/EdDSA.o )
[133 of 137] Compiling Crypto.PubKey.ECIES ( Crypto/PubKey/ECIES.hs, dist/dist-sandbox-54b365cc/build/Crypto/PubKey/ECIES.o )
[134 of 137] Compiling Crypto.PubKey.ECDSA ( Crypto/PubKey/ECDSA.hs, dist/dist-sandbox-54b365cc/build/Crypto/PubKey/ECDSA.o )
[135 of 137] Compiling Crypto.Data.AFIS ( Crypto/Data/AFIS.hs, dist/dist-sandbox-54b365cc/build/Crypto/Data/AFIS.o )
[136 of 137] Compiling Crypto.System.CPU ( Crypto/System/CPU.hs, dist/dist-sandbox-54b365cc/build/Crypto/System/CPU.o )
[137 of 137] Compiling Crypto.Tutorial  ( Crypto/Tutorial.hs, dist/dist-sandbox-54b365cc/build/Crypto/Tutorial.o )
Installing library in /mnt/c/Users/n.nguyen/OneDrive/FP/Sudoku/.cabal-sandbox/lib/x86_64-linux-ghc-8.6.5/cryptonite-0.29-E6eup9ojG2WJgRYysXdUD1
cabal: Leaving directory '/tmp/cabal-tmp-532/cryptonite-0.29'
