cabal: Entering directory '/tmp/cabal-tmp-9799/easy-file-0.2.2'
Configuring easy-file-0.2.2...
Preprocessing library for easy-file-0.2.2..
Building library for easy-file-0.2.2..
[1 of 4] Compiling System.EasyFile.Directory ( System/EasyFile/Directory.hs, dist/dist-sandbox-54b365cc/build/System/EasyFile/Directory.o )

System/EasyFile/Directory.hs:37:1: warning: [-Wunused-imports]
    The import of ‘Control.Applicative’ is redundant
      except perhaps to import instances from ‘Control.Applicative’
    To import instances alone, use: import Control.Applicative()
   |
37 | import Control.Applicative
   | ^^^^^^^^^^^^^^^^^^^^^^^^^^
[2 of 4] Compiling System.EasyFile.FilePath ( System/EasyFile/FilePath.hs, dist/dist-sandbox-54b365cc/build/System/EasyFile/FilePath.o )
[3 of 4] Compiling System.EasyFile.Missing ( System/EasyFile/Missing.hs, dist/dist-sandbox-54b365cc/build/System/EasyFile/Missing.o )

System/EasyFile/Missing.hs:7:1: warning: [-Wunused-imports]
    The import of ‘Control.Applicative’ is redundant
      except perhaps to import instances from ‘Control.Applicative’
    To import instances alone, use: import Control.Applicative()
  |
7 | import Control.Applicative
  | ^^^^^^^^^^^^^^^^^^^^^^^^^^
[4 of 4] Compiling System.EasyFile  ( System/EasyFile.hs, dist/dist-sandbox-54b365cc/build/System/EasyFile.o )
Installing library in /mnt/c/Users/n.nguyen/OneDrive/FP/Sudoku/.cabal-sandbox/lib/x86_64-linux-ghc-8.6.5/easy-file-0.2.2-49v0RQkxTQF1Wq1oAMulzs
cabal: Leaving directory '/tmp/cabal-tmp-9799/easy-file-0.2.2'
