cabal: Entering directory '/tmp/cabal-tmp-538/http2-3.0.3'
Configuring http2-3.0.3...
Preprocessing library for http2-3.0.3..
Building library for http2-3.0.3..
[ 1 of 58] Compiling Imports          ( Imports.hs, dist/dist-sandbox-54b365cc/build/Imports.o )
[ 2 of 58] Compiling Network.HPACK.Builder ( Network/HPACK/Builder.hs, dist/dist-sandbox-54b365cc/build/Network/HPACK/Builder.o )
[ 3 of 58] Compiling Network.HPACK.HeaderBlock.Integer ( Network/HPACK/HeaderBlock/Integer.hs, dist/dist-sandbox-54b365cc/build/Network/HPACK/HeaderBlock/Integer.o )
[ 4 of 58] Compiling Network.HPACK.Huffman.Bit ( Network/HPACK/Huffman/Bit.hs, dist/dist-sandbox-54b365cc/build/Network/HPACK/Huffman/Bit.o )
[ 5 of 58] Compiling Network.HPACK.Huffman.ByteString ( Network/HPACK/Huffman/ByteString.hs, dist/dist-sandbox-54b365cc/build/Network/HPACK/Huffman/ByteString.o )
[ 6 of 58] Compiling Network.HPACK.Huffman.Params ( Network/HPACK/Huffman/Params.hs, dist/dist-sandbox-54b365cc/build/Network/HPACK/Huffman/Params.o )
[ 7 of 58] Compiling Network.HPACK.Huffman.Table ( Network/HPACK/Huffman/Table.hs, dist/dist-sandbox-54b365cc/build/Network/HPACK/Huffman/Table.o )
[ 8 of 58] Compiling Network.HPACK.Huffman.Encode ( Network/HPACK/Huffman/Encode.hs, dist/dist-sandbox-54b365cc/build/Network/HPACK/Huffman/Encode.o )
[ 9 of 58] Compiling Network.HPACK.Huffman.Tree ( Network/HPACK/Huffman/Tree.hs, dist/dist-sandbox-54b365cc/build/Network/HPACK/Huffman/Tree.o )
[10 of 58] Compiling Network.HPACK.Token ( Network/HPACK/Token.hs, dist/dist-sandbox-54b365cc/build/Network/HPACK/Token.o )
[11 of 58] Compiling Network.HPACK.Types ( Network/HPACK/Types.hs, dist/dist-sandbox-54b365cc/build/Network/HPACK/Types.o )
[12 of 58] Compiling Network.HPACK.Table.Entry ( Network/HPACK/Table/Entry.hs, dist/dist-sandbox-54b365cc/build/Network/HPACK/Table/Entry.o )
[13 of 58] Compiling Network.HPACK.Table.Static ( Network/HPACK/Table/Static.hs, dist/dist-sandbox-54b365cc/build/Network/HPACK/Table/Static.o )
[14 of 58] Compiling Network.HPACK.Table.RevIndex ( Network/HPACK/Table/RevIndex.hs, dist/dist-sandbox-54b365cc/build/Network/HPACK/Table/RevIndex.o )
[15 of 58] Compiling Network.HPACK.Huffman.Decode ( Network/HPACK/Huffman/Decode.hs, dist/dist-sandbox-54b365cc/build/Network/HPACK/Huffman/Decode.o )
[16 of 58] Compiling Network.HPACK.Huffman ( Network/HPACK/Huffman.hs, dist/dist-sandbox-54b365cc/build/Network/HPACK/Huffman.o )
[17 of 58] Compiling Network.HPACK.Table.Dynamic ( Network/HPACK/Table/Dynamic.hs, dist/dist-sandbox-54b365cc/build/Network/HPACK/Table/Dynamic.o )
[18 of 58] Compiling Network.HPACK.Table ( Network/HPACK/Table.hs, dist/dist-sandbox-54b365cc/build/Network/HPACK/Table.o )
[19 of 58] Compiling Network.HPACK.HeaderBlock.Encode ( Network/HPACK/HeaderBlock/Encode.hs, dist/dist-sandbox-54b365cc/build/Network/HPACK/HeaderBlock/Encode.o )
[20 of 58] Compiling Network.HPACK.HeaderBlock.Decode ( Network/HPACK/HeaderBlock/Decode.hs, dist/dist-sandbox-54b365cc/build/Network/HPACK/HeaderBlock/Decode.o )
[21 of 58] Compiling Network.HPACK.Internal ( Network/HPACK/Internal.hs, dist/dist-sandbox-54b365cc/build/Network/HPACK/Internal.o )
[22 of 58] Compiling Network.HPACK.HeaderBlock ( Network/HPACK/HeaderBlock.hs, dist/dist-sandbox-54b365cc/build/Network/HPACK/HeaderBlock.o )
[23 of 58] Compiling Network.HPACK    ( Network/HPACK.hs, dist/dist-sandbox-54b365cc/build/Network/HPACK.o )
[24 of 58] Compiling Network.HTTP2.Arch.Cache ( Network/HTTP2/Arch/Cache.hs, dist/dist-sandbox-54b365cc/build/Network/HTTP2/Arch/Cache.o )
[25 of 58] Compiling Network.HTTP2.Arch.File ( Network/HTTP2/Arch/File.hs, dist/dist-sandbox-54b365cc/build/Network/HTTP2/Arch/File.o )
[26 of 58] Compiling Network.HTTP2.Arch.Manager ( Network/HTTP2/Arch/Manager.hs, dist/dist-sandbox-54b365cc/build/Network/HTTP2/Arch/Manager.o )
[27 of 58] Compiling Network.HTTP2.Arch.Rate ( Network/HTTP2/Arch/Rate.hs, dist/dist-sandbox-54b365cc/build/Network/HTTP2/Arch/Rate.o )
[28 of 58] Compiling Network.HTTP2.Arch.ReadN ( Network/HTTP2/Arch/ReadN.hs, dist/dist-sandbox-54b365cc/build/Network/HTTP2/Arch/ReadN.o )
[29 of 58] Compiling Network.HTTP2.Arch.Config ( Network/HTTP2/Arch/Config.hs, dist/dist-sandbox-54b365cc/build/Network/HTTP2/Arch/Config.o )
[30 of 58] Compiling Network.HTTP2.Arch.Status ( Network/HTTP2/Arch/Status.hs, dist/dist-sandbox-54b365cc/build/Network/HTTP2/Arch/Status.o )
[31 of 58] Compiling Network.HTTP2.Frame.Types ( Network/HTTP2/Frame/Types.hs, dist/dist-sandbox-54b365cc/build/Network/HTTP2/Frame/Types.o )
[32 of 58] Compiling Network.HTTP2.Frame.Encode ( Network/HTTP2/Frame/Encode.hs, dist/dist-sandbox-54b365cc/build/Network/HTTP2/Frame/Encode.o )
[33 of 58] Compiling Network.HTTP2.Frame.Decode ( Network/HTTP2/Frame/Decode.hs, dist/dist-sandbox-54b365cc/build/Network/HTTP2/Frame/Decode.o )
[34 of 58] Compiling Network.HTTP2.Frame ( Network/HTTP2/Frame.hs, dist/dist-sandbox-54b365cc/build/Network/HTTP2/Frame.o )
[35 of 58] Compiling Network.HTTP2.Arch.Types ( Network/HTTP2/Arch/Types.hs, dist/dist-sandbox-54b365cc/build/Network/HTTP2/Arch/Types.o )
[36 of 58] Compiling Network.HTTP2.Arch.Queue ( Network/HTTP2/Arch/Queue.hs, dist/dist-sandbox-54b365cc/build/Network/HTTP2/Arch/Queue.o )
[37 of 58] Compiling Network.HTTP2.Arch.Stream ( Network/HTTP2/Arch/Stream.hs, dist/dist-sandbox-54b365cc/build/Network/HTTP2/Arch/Stream.o )
[38 of 58] Compiling Network.HTTP2.Arch.EncodeFrame ( Network/HTTP2/Arch/EncodeFrame.hs, dist/dist-sandbox-54b365cc/build/Network/HTTP2/Arch/EncodeFrame.o )
[39 of 58] Compiling Network.HTTP2.Arch.Context ( Network/HTTP2/Arch/Context.hs, dist/dist-sandbox-54b365cc/build/Network/HTTP2/Arch/Context.o )
[40 of 58] Compiling Network.HTTP2.Arch.HPACK ( Network/HTTP2/Arch/HPACK.hs, dist/dist-sandbox-54b365cc/build/Network/HTTP2/Arch/HPACK.o )
[41 of 58] Compiling Network.HTTP2.Arch.Sender ( Network/HTTP2/Arch/Sender.hs, dist/dist-sandbox-54b365cc/build/Network/HTTP2/Arch/Sender.o )
[42 of 58] Compiling Network.HTTP2.Arch.Receiver ( Network/HTTP2/Arch/Receiver.hs, dist/dist-sandbox-54b365cc/build/Network/HTTP2/Arch/Receiver.o )
[43 of 58] Compiling Network.HTTP2.Arch ( Network/HTTP2/Arch.hs, dist/dist-sandbox-54b365cc/build/Network/HTTP2/Arch.o )
[44 of 58] Compiling Network.HTTP2.Client.Types ( Network/HTTP2/Client/Types.hs, dist/dist-sandbox-54b365cc/build/Network/HTTP2/Client/Types.o )
[45 of 58] Compiling Network.HTTP2.Client.Internal ( Network/HTTP2/Client/Internal.hs, dist/dist-sandbox-54b365cc/build/Network/HTTP2/Client/Internal.o )
[46 of 58] Compiling Network.HTTP2.Client.Run ( Network/HTTP2/Client/Run.hs, dist/dist-sandbox-54b365cc/build/Network/HTTP2/Client/Run.o )
[47 of 58] Compiling Network.HTTP2.Client ( Network/HTTP2/Client.hs, dist/dist-sandbox-54b365cc/build/Network/HTTP2/Client.o )
[48 of 58] Compiling Network.HTTP2    ( Network/HTTP2.hs, dist/dist-sandbox-54b365cc/build/Network/HTTP2.o )
[49 of 58] Compiling Network.HTTP2.Internal ( Network/HTTP2/Internal.hs, dist/dist-sandbox-54b365cc/build/Network/HTTP2/Internal.o )
[50 of 58] Compiling Network.HTTP2.Priority.PSQ ( Network/HTTP2/Priority/PSQ.hs, dist/dist-sandbox-54b365cc/build/Network/HTTP2/Priority/PSQ.o )
[51 of 58] Compiling Network.HTTP2.Priority.Internal ( Network/HTTP2/Priority/Internal.hs, dist/dist-sandbox-54b365cc/build/Network/HTTP2/Priority/Internal.o )
[52 of 58] Compiling Network.HTTP2.Priority.Queue ( Network/HTTP2/Priority/Queue.hs, dist/dist-sandbox-54b365cc/build/Network/HTTP2/Priority/Queue.o )
[53 of 58] Compiling Network.HTTP2.Priority ( Network/HTTP2/Priority.hs, dist/dist-sandbox-54b365cc/build/Network/HTTP2/Priority.o )
[54 of 58] Compiling Network.HTTP2.Server.Types ( Network/HTTP2/Server/Types.hs, dist/dist-sandbox-54b365cc/build/Network/HTTP2/Server/Types.o )
[55 of 58] Compiling Network.HTTP2.Server.Internal ( Network/HTTP2/Server/Internal.hs, dist/dist-sandbox-54b365cc/build/Network/HTTP2/Server/Internal.o )
[56 of 58] Compiling Network.HTTP2.Server.Worker ( Network/HTTP2/Server/Worker.hs, dist/dist-sandbox-54b365cc/build/Network/HTTP2/Server/Worker.o )
[57 of 58] Compiling Network.HTTP2.Server.Run ( Network/HTTP2/Server/Run.hs, dist/dist-sandbox-54b365cc/build/Network/HTTP2/Server/Run.o )
[58 of 58] Compiling Network.HTTP2.Server ( Network/HTTP2/Server.hs, dist/dist-sandbox-54b365cc/build/Network/HTTP2/Server.o )
Installing library in /mnt/c/Users/n.nguyen/OneDrive/FP/Sudoku/.cabal-sandbox/lib/x86_64-linux-ghc-8.6.5/http2-3.0.3-HCJgRf3JClSJVuh1KdayG2
cabal: Leaving directory '/tmp/cabal-tmp-538/http2-3.0.3'
