cabal: Entering directory '/tmp/cabal-tmp-534/memory-0.17.0'
Configuring memory-0.17.0...
Preprocessing library for memory-0.17.0..
Building library for memory-0.17.0..
[ 1 of 28] Compiling Data.Memory.ExtendedWords ( Data/Memory/ExtendedWords.hs, dist/dist-sandbox-54b365cc/build/Data/Memory/ExtendedWords.o )
[ 2 of 28] Compiling Data.Memory.Internal.Compat ( Data/Memory/Internal/Compat.hs, dist/dist-sandbox-54b365cc/build/Data/Memory/Internal/Compat.o )
[ 3 of 28] Compiling Data.Memory.Endian ( Data/Memory/Endian.hs, dist/dist-sandbox-54b365cc/build/Data/Memory/Endian.o )
[ 4 of 28] Compiling Data.Memory.Hash.SipHash ( Data/Memory/Hash/SipHash.hs, dist/dist-sandbox-54b365cc/build/Data/Memory/Hash/SipHash.o )
[ 5 of 28] Compiling Data.Memory.Encoding.Base32 ( Data/Memory/Encoding/Base32.hs, dist/dist-sandbox-54b365cc/build/Data/Memory/Encoding/Base32.o )
[ 6 of 28] Compiling Data.Memory.Encoding.Base16 ( Data/Memory/Encoding/Base16.hs, dist/dist-sandbox-54b365cc/build/Data/Memory/Encoding/Base16.o )
[ 7 of 28] Compiling Data.Memory.Internal.CompatPrim ( Data/Memory/Internal/CompatPrim.hs, dist/dist-sandbox-54b365cc/build/Data/Memory/Internal/CompatPrim.o )
[ 8 of 28] Compiling Data.Memory.Internal.CompatPrim64 ( Data/Memory/Internal/CompatPrim64.hs, dist/dist-sandbox-54b365cc/build/Data/Memory/Internal/CompatPrim64.o )
[ 9 of 28] Compiling Data.Memory.Internal.DeepSeq ( Data/Memory/Internal/DeepSeq.hs, dist/dist-sandbox-54b365cc/build/Data/Memory/Internal/DeepSeq.o )
[10 of 28] Compiling Data.Memory.Internal.Imports ( Data/Memory/Internal/Imports.hs, dist/dist-sandbox-54b365cc/build/Data/Memory/Internal/Imports.o )
[11 of 28] Compiling Data.Memory.Hash.FNV ( Data/Memory/Hash/FNV.hs, dist/dist-sandbox-54b365cc/build/Data/Memory/Hash/FNV.o )
[12 of 28] Compiling Data.Memory.Encoding.Base64 ( Data/Memory/Encoding/Base64.hs, dist/dist-sandbox-54b365cc/build/Data/Memory/Encoding/Base64.o )
[13 of 28] Compiling Data.Memory.MemMap.Posix ( dist/dist-sandbox-54b365cc/build/Data/Memory/MemMap/Posix.hs, dist/dist-sandbox-54b365cc/build/Data/Memory/MemMap/Posix.o )
[14 of 28] Compiling Data.Memory.PtrMethods ( Data/Memory/PtrMethods.hs, dist/dist-sandbox-54b365cc/build/Data/Memory/PtrMethods.o )
[15 of 28] Compiling Data.ByteArray.Types ( Data/ByteArray/Types.hs, dist/dist-sandbox-54b365cc/build/Data/ByteArray/Types.o )
[16 of 28] Compiling Data.ByteArray.MemView ( Data/ByteArray/MemView.hs, dist/dist-sandbox-54b365cc/build/Data/ByteArray/MemView.o )
[17 of 28] Compiling Data.ByteArray.Pack.Internal ( Data/ByteArray/Pack/Internal.hs, dist/dist-sandbox-54b365cc/build/Data/ByteArray/Pack/Internal.o )
[18 of 28] Compiling Data.ByteArray.Hash ( Data/ByteArray/Hash.hs, dist/dist-sandbox-54b365cc/build/Data/ByteArray/Hash.o )
[19 of 28] Compiling Data.ByteArray.Sized ( Data/ByteArray/Sized.hs, dist/dist-sandbox-54b365cc/build/Data/ByteArray/Sized.o )
[20 of 28] Compiling Data.ByteArray.ScrubbedBytes ( Data/ByteArray/ScrubbedBytes.hs, dist/dist-sandbox-54b365cc/build/Data/ByteArray/ScrubbedBytes.o )
[21 of 28] Compiling Data.ByteArray.Methods ( Data/ByteArray/Methods.hs, dist/dist-sandbox-54b365cc/build/Data/ByteArray/Methods.o )
[22 of 28] Compiling Data.ByteArray.View ( Data/ByteArray/View.hs, dist/dist-sandbox-54b365cc/build/Data/ByteArray/View.o )
[23 of 28] Compiling Data.ByteArray.Parse ( Data/ByteArray/Parse.hs, dist/dist-sandbox-54b365cc/build/Data/ByteArray/Parse.o )
[24 of 28] Compiling Data.ByteArray.Mapping ( Data/ByteArray/Mapping.hs, dist/dist-sandbox-54b365cc/build/Data/ByteArray/Mapping.o )
[25 of 28] Compiling Data.ByteArray.Encoding ( Data/ByteArray/Encoding.hs, dist/dist-sandbox-54b365cc/build/Data/ByteArray/Encoding.o )
[26 of 28] Compiling Data.ByteArray.Bytes ( Data/ByteArray/Bytes.hs, dist/dist-sandbox-54b365cc/build/Data/ByteArray/Bytes.o )
[27 of 28] Compiling Data.ByteArray   ( Data/ByteArray.hs, dist/dist-sandbox-54b365cc/build/Data/ByteArray.o )
[28 of 28] Compiling Data.ByteArray.Pack ( Data/ByteArray/Pack.hs, dist/dist-sandbox-54b365cc/build/Data/ByteArray/Pack.o )
Installing library in /mnt/c/Users/n.nguyen/OneDrive/FP/Sudoku/.cabal-sandbox/lib/x86_64-linux-ghc-8.6.5/memory-0.17.0-B4oCfvxykobLSIFpq5HVDY
cabal: Leaving directory '/tmp/cabal-tmp-534/memory-0.17.0'
