cabal: Entering directory '/tmp/cabal-tmp-536/network-3.1.2.7'
Configuring network-3.1.2.7...
configure: WARNING: unrecognized options: --with-compiler
checking build system type... x86_64-pc-linux-gnu
checking host system type... x86_64-pc-linux-gnu
checking for gcc... /usr/bin/x86_64-linux-gnu-gcc
checking whether the C compiler works... yes
checking for C compiler default output file name... a.out
checking for suffix of executables... 
checking whether we are cross compiling... no
checking for suffix of object files... o
checking whether we are using the GNU C compiler... yes
checking whether /usr/bin/x86_64-linux-gnu-gcc accepts -g... yes
checking for /usr/bin/x86_64-linux-gnu-gcc option to accept ISO C89... none needed
checking for an ANSI C-conforming const... yes
checking how to run the C preprocessor... /usr/bin/x86_64-linux-gnu-gcc -E
checking for grep that handles long lines and -e... /usr/bin/grep
checking for egrep... /usr/bin/grep -E
checking for ANSI C header files... yes
checking for sys/types.h... yes
checking for sys/stat.h... yes
checking for stdlib.h... yes
checking for string.h... yes
checking for memory.h... yes
checking for strings.h... yes
checking for inttypes.h... yes
checking for stdint.h... yes
checking for unistd.h... yes
checking limits.h usability... yes
checking limits.h presence... yes
checking for limits.h... yes
checking for stdlib.h... (cached) yes
checking for unistd.h... (cached) yes
checking for sys/types.h... (cached) yes
checking fcntl.h usability... yes
checking fcntl.h presence... yes
checking for fcntl.h... yes
checking sys/uio.h usability... yes
checking sys/uio.h presence... yes
checking for sys/uio.h... yes
checking sys/socket.h usability... yes
checking sys/socket.h presence... yes
checking for sys/socket.h... yes
checking netinet/in.h usability... yes
checking netinet/in.h presence... yes
checking for netinet/in.h... yes
checking netinet/tcp.h usability... yes
checking netinet/tcp.h presence... yes
checking for netinet/tcp.h... yes
checking sys/un.h usability... yes
checking sys/un.h presence... yes
checking for sys/un.h... yes
checking arpa/inet.h usability... yes
checking arpa/inet.h presence... yes
checking for arpa/inet.h... yes
checking netdb.h usability... yes
checking netdb.h presence... yes
checking for netdb.h... yes
checking net/if.h usability... yes
checking net/if.h presence... yes
checking for net/if.h... yes
checking netioapi.h usability... no
checking netioapi.h presence... no
checking for netioapi.h... no
checking for struct ucred... yes
checking for gai_strerror... yes
checking for gethostent... yes
checking for accept4... yes
checking for getpeereid... no
checking whether AI_ADDRCONFIG is declared... yes
checking whether AI_ALL is declared... yes
checking whether AI_NUMERICSERV is declared... yes
checking whether AI_V4MAPPED is declared... yes
checking whether IPV6_V6ONLY is declared... yes
checking whether IPPROTO_IP is declared... yes
checking whether IPPROTO_TCP is declared... yes
checking whether IPPROTO_IPV6 is declared... yes
checking whether SO_PEERCRED is declared... yes
checking for struct msghdr.msg_control... yes
checking for struct msghdr.msg_accrights... no
checking for struct sockaddr.sa_len... no
configure: creating ./network.buildinfo
configure: creating ./config.status
config.status: creating include/HsNetworkConfig.h
configure: WARNING: unrecognized options: --with-compiler
Preprocessing library for network-3.1.2.7..
Building library for network-3.1.2.7..
[ 1 of 28] Compiling Network.Socket.Imports ( Network/Socket/Imports.hs, dist/dist-sandbox-54b365cc/build/Network/Socket/Imports.o )
[ 2 of 28] Compiling Network.Socket.If ( Network/Socket/If.hs, dist/dist-sandbox-54b365cc/build/Network/Socket/If.o )
[ 3 of 28] Compiling Network.Socket.Flag ( dist/dist-sandbox-54b365cc/build/Network/Socket/Flag.hs, dist/dist-sandbox-54b365cc/build/Network/Socket/Flag.o )
[ 4 of 28] Compiling Network.Socket.Cbits ( dist/dist-sandbox-54b365cc/build/Network/Socket/Cbits.hs, dist/dist-sandbox-54b365cc/build/Network/Socket/Cbits.o )
[ 5 of 28] Compiling Network.Socket.Fcntl ( Network/Socket/Fcntl.hs, dist/dist-sandbox-54b365cc/build/Network/Socket/Fcntl.o )
[ 6 of 28] Compiling Network.Socket.Posix.IOVec ( dist/dist-sandbox-54b365cc/build/Network/Socket/Posix/IOVec.hs, dist/dist-sandbox-54b365cc/build/Network/Socket/Posix/IOVec.o )
[ 7 of 28] Compiling Network.Socket.ReadShow ( Network/Socket/ReadShow.hs, dist/dist-sandbox-54b365cc/build/Network/Socket/ReadShow.o )
[ 8 of 28] Compiling Network.Socket.Types ( dist/dist-sandbox-54b365cc/build/Network/Socket/Types.hs, dist/dist-sandbox-54b365cc/build/Network/Socket/Types.o )
[ 9 of 28] Compiling Network.Socket.Posix.Cmsg ( dist/dist-sandbox-54b365cc/build/Network/Socket/Posix/Cmsg.hs, dist/dist-sandbox-54b365cc/build/Network/Socket/Posix/Cmsg.o )
[10 of 28] Compiling Network.Socket.Internal ( Network/Socket/Internal.hs, dist/dist-sandbox-54b365cc/build/Network/Socket/Internal.o )
[11 of 28] Compiling Network.Socket.Posix.MsgHdr ( dist/dist-sandbox-54b365cc/build/Network/Socket/Posix/MsgHdr.hs, dist/dist-sandbox-54b365cc/build/Network/Socket/Posix/MsgHdr.o )
[12 of 28] Compiling Network.Socket.Posix.CmsgHdr ( dist/dist-sandbox-54b365cc/build/Network/Socket/Posix/CmsgHdr.hs, dist/dist-sandbox-54b365cc/build/Network/Socket/Posix/CmsgHdr.o )
[13 of 28] Compiling Network.Socket.Options ( dist/dist-sandbox-54b365cc/build/Network/Socket/Options.hs, dist/dist-sandbox-54b365cc/build/Network/Socket/Options.o )
[14 of 28] Compiling Network.Socket.Syscall ( Network/Socket/Syscall.hs, dist/dist-sandbox-54b365cc/build/Network/Socket/Syscall.o )
[15 of 28] Compiling Network.Socket.Name ( Network/Socket/Name.hs, dist/dist-sandbox-54b365cc/build/Network/Socket/Name.o )
[16 of 28] Compiling Network.Socket.Info ( dist/dist-sandbox-54b365cc/build/Network/Socket/Info.hs, dist/dist-sandbox-54b365cc/build/Network/Socket/Info.o )
[17 of 28] Compiling Network.Socket.Handle ( Network/Socket/Handle.hs, dist/dist-sandbox-54b365cc/build/Network/Socket/Handle.o )
[18 of 28] Compiling Network.Socket.ByteString.Internal ( Network/Socket/ByteString/Internal.hs, dist/dist-sandbox-54b365cc/build/Network/Socket/ByteString/Internal.o )
[19 of 28] Compiling Network.Socket.Buffer ( dist/dist-sandbox-54b365cc/build/Network/Socket/Buffer.hs, dist/dist-sandbox-54b365cc/build/Network/Socket/Buffer.o )
[20 of 28] Compiling Network.Socket.SockAddr ( Network/Socket/SockAddr.hs, dist/dist-sandbox-54b365cc/build/Network/Socket/SockAddr.o )
[21 of 28] Compiling Network.Socket.Shutdown ( Network/Socket/Shutdown.hs, dist/dist-sandbox-54b365cc/build/Network/Socket/Shutdown.o )
[22 of 28] Compiling Network.Socket.ByteString.IO ( dist/dist-sandbox-54b365cc/build/Network/Socket/ByteString/IO.hs, dist/dist-sandbox-54b365cc/build/Network/Socket/ByteString/IO.o )
[23 of 28] Compiling Network.Socket.ByteString.Lazy.Posix ( Network/Socket/ByteString/Lazy/Posix.hs, dist/dist-sandbox-54b365cc/build/Network/Socket/ByteString/Lazy/Posix.o )
[24 of 28] Compiling Network.Socket.ByteString ( Network/Socket/ByteString.hs, dist/dist-sandbox-54b365cc/build/Network/Socket/ByteString.o )
[25 of 28] Compiling Network.Socket.Address ( Network/Socket/Address.hs, dist/dist-sandbox-54b365cc/build/Network/Socket/Address.o )
[26 of 28] Compiling Network.Socket.Unix ( dist/dist-sandbox-54b365cc/build/Network/Socket/Unix.hs, dist/dist-sandbox-54b365cc/build/Network/Socket/Unix.o )
[27 of 28] Compiling Network.Socket   ( Network/Socket.hs, dist/dist-sandbox-54b365cc/build/Network/Socket.o )
[28 of 28] Compiling Network.Socket.ByteString.Lazy ( Network/Socket/ByteString/Lazy.hs, dist/dist-sandbox-54b365cc/build/Network/Socket/ByteString/Lazy.o )
Installing library in /mnt/c/Users/n.nguyen/OneDrive/FP/Sudoku/.cabal-sandbox/lib/x86_64-linux-ghc-8.6.5/network-3.1.2.7-IgDwoKKAASu5MMqcFhn6CW
cabal: Leaving directory '/tmp/cabal-tmp-536/network-3.1.2.7'
