cabal: Entering directory '/tmp/cabal-tmp-9793/optparse-applicative-0.17.0.0'
Configuring optparse-applicative-0.17.0.0...
Preprocessing library for optparse-applicative-0.17.0.0..
Building library for optparse-applicative-0.17.0.0..
[ 1 of 17] Compiling Options.Applicative.Help.Levenshtein ( src/Options/Applicative/Help/Levenshtein.hs, dist/dist-sandbox-54b365cc/build/Options/Applicative/Help/Levenshtein.o )
[ 2 of 17] Compiling Options.Applicative.Help.Pretty ( src/Options/Applicative/Help/Pretty.hs, dist/dist-sandbox-54b365cc/build/Options/Applicative/Help/Pretty.o )
[ 3 of 17] Compiling Options.Applicative.Help.Chunk ( src/Options/Applicative/Help/Chunk.hs, dist/dist-sandbox-54b365cc/build/Options/Applicative/Help/Chunk.o )
[ 4 of 17] Compiling Options.Applicative.Help.Types ( src/Options/Applicative/Help/Types.hs, dist/dist-sandbox-54b365cc/build/Options/Applicative/Help/Types.o )
[ 5 of 17] Compiling Options.Applicative.Types ( src/Options/Applicative/Types.hs, dist/dist-sandbox-54b365cc/build/Options/Applicative/Types.o )
[ 6 of 17] Compiling Options.Applicative.NonEmpty ( src/Options/Applicative/NonEmpty.hs, dist/dist-sandbox-54b365cc/build/Options/Applicative/NonEmpty.o )
[ 7 of 17] Compiling Options.Applicative.Internal ( src/Options/Applicative/Internal.hs, dist/dist-sandbox-54b365cc/build/Options/Applicative/Internal.o )
[ 8 of 17] Compiling Options.Applicative.Common ( src/Options/Applicative/Common.hs, dist/dist-sandbox-54b365cc/build/Options/Applicative/Common.o )
[ 9 of 17] Compiling Options.Applicative.Help.Core ( src/Options/Applicative/Help/Core.hs, dist/dist-sandbox-54b365cc/build/Options/Applicative/Help/Core.o )
[10 of 17] Compiling Options.Applicative.Help ( src/Options/Applicative/Help.hs, dist/dist-sandbox-54b365cc/build/Options/Applicative/Help.o )
[11 of 17] Compiling Options.Applicative.Builder.Internal ( src/Options/Applicative/Builder/Internal.hs, dist/dist-sandbox-54b365cc/build/Options/Applicative/Builder/Internal.o )
[12 of 17] Compiling Options.Applicative.Builder.Completer ( src/Options/Applicative/Builder/Completer.hs, dist/dist-sandbox-54b365cc/build/Options/Applicative/Builder/Completer.o )
[13 of 17] Compiling Options.Applicative.Builder ( src/Options/Applicative/Builder.hs, dist/dist-sandbox-54b365cc/build/Options/Applicative/Builder.o )
[14 of 17] Compiling Options.Applicative.BashCompletion ( src/Options/Applicative/BashCompletion.hs, dist/dist-sandbox-54b365cc/build/Options/Applicative/BashCompletion.o )
[15 of 17] Compiling Options.Applicative.Extra ( src/Options/Applicative/Extra.hs, dist/dist-sandbox-54b365cc/build/Options/Applicative/Extra.o )
[16 of 17] Compiling Options.Applicative ( src/Options/Applicative.hs, dist/dist-sandbox-54b365cc/build/Options/Applicative.o )
[17 of 17] Compiling Options.Applicative.Arrows ( src/Options/Applicative/Arrows.hs, dist/dist-sandbox-54b365cc/build/Options/Applicative/Arrows.o )
Installing library in /mnt/c/Users/n.nguyen/OneDrive/FP/Sudoku/.cabal-sandbox/lib/x86_64-linux-ghc-8.6.5/optparse-applicative-0.17.0.0-7AYOrtajhQJAKUIgKJAsoT
cabal: Leaving directory '/tmp/cabal-tmp-9793/optparse-applicative-0.17.0.0'
