cabal: Entering directory '/tmp/cabal-tmp-2283/QuickCheck-2.14.2'
Configuring QuickCheck-2.14.2...
Preprocessing library for QuickCheck-2.14.2..
Building library for QuickCheck-2.14.2..
[ 1 of 16] Compiling Test.QuickCheck.Exception ( src/Test/QuickCheck/Exception.hs, dist/dist-sandbox-54b365cc/build/Test/QuickCheck/Exception.o )
[ 2 of 16] Compiling Test.QuickCheck.Random ( src/Test/QuickCheck/Random.hs, dist/dist-sandbox-54b365cc/build/Test/QuickCheck/Random.o )
[ 3 of 16] Compiling Test.QuickCheck.Gen ( src/Test/QuickCheck/Gen.hs, dist/dist-sandbox-54b365cc/build/Test/QuickCheck/Gen.o )
[ 4 of 16] Compiling Test.QuickCheck.Gen.Unsafe ( src/Test/QuickCheck/Gen/Unsafe.hs, dist/dist-sandbox-54b365cc/build/Test/QuickCheck/Gen/Unsafe.o )
[ 5 of 16] Compiling Test.QuickCheck.Arbitrary ( src/Test/QuickCheck/Arbitrary.hs, dist/dist-sandbox-54b365cc/build/Test/QuickCheck/Arbitrary.o )
[ 6 of 16] Compiling Test.QuickCheck.Poly ( src/Test/QuickCheck/Poly.hs, dist/dist-sandbox-54b365cc/build/Test/QuickCheck/Poly.o )
[ 7 of 16] Compiling Test.QuickCheck.Modifiers ( src/Test/QuickCheck/Modifiers.hs, dist/dist-sandbox-54b365cc/build/Test/QuickCheck/Modifiers.o )
[ 8 of 16] Compiling Test.QuickCheck.Function ( src/Test/QuickCheck/Function.hs, dist/dist-sandbox-54b365cc/build/Test/QuickCheck/Function.o )
[ 9 of 16] Compiling Test.QuickCheck.Text ( src/Test/QuickCheck/Text.hs, dist/dist-sandbox-54b365cc/build/Test/QuickCheck/Text.o )
[10 of 16] Compiling Test.QuickCheck.State ( src/Test/QuickCheck/State.hs, dist/dist-sandbox-54b365cc/build/Test/QuickCheck/State.o )
[11 of 16] Compiling Test.QuickCheck.Property ( src/Test/QuickCheck/Property.hs, dist/dist-sandbox-54b365cc/build/Test/QuickCheck/Property.o )
[12 of 16] Compiling Test.QuickCheck.Test ( src/Test/QuickCheck/Test.hs, dist/dist-sandbox-54b365cc/build/Test/QuickCheck/Test.o )
[13 of 16] Compiling Test.QuickCheck.Monadic ( src/Test/QuickCheck/Monadic.hs, dist/dist-sandbox-54b365cc/build/Test/QuickCheck/Monadic.o )
[14 of 16] Compiling Test.QuickCheck.All ( src/Test/QuickCheck/All.hs, dist/dist-sandbox-54b365cc/build/Test/QuickCheck/All.o )
[15 of 16] Compiling Test.QuickCheck.Features ( src/Test/QuickCheck/Features.hs, dist/dist-sandbox-54b365cc/build/Test/QuickCheck/Features.o )
[16 of 16] Compiling Test.QuickCheck  ( src/Test/QuickCheck.hs, dist/dist-sandbox-54b365cc/build/Test/QuickCheck.o )
Installing library in /mnt/c/Users/n.nguyen/OneDrive/FP/Sudoku/.cabal-sandbox/lib/x86_64-linux-ghc-8.6.5/QuickCheck-2.14.2-HhJDZwL6ynQE82OF2g896M
cabal: Leaving directory '/tmp/cabal-tmp-2283/QuickCheck-2.14.2'
