cabal: Entering directory '/tmp/cabal-tmp-9794/resourcet-1.2.6'
Configuring resourcet-1.2.6...
Preprocessing library for resourcet-1.2.6..
Building library for resourcet-1.2.6..
[1 of 5] Compiling Data.Acquire.Internal ( Data/Acquire/Internal.hs, dist/dist-sandbox-54b365cc/build/Data/Acquire/Internal.o )
[2 of 5] Compiling Control.Monad.Trans.Resource.Internal ( Control/Monad/Trans/Resource/Internal.hs, dist/dist-sandbox-54b365cc/build/Control/Monad/Trans/Resource/Internal.o )

Control/Monad/Trans/Resource/Internal.hs:44:1: warning: [-Wdeprecations]
    Module ‘Control.Monad.Trans.List’ is deprecated:
      This transformer is invalid on most monads
   |
44 | import Control.Monad.Trans.List     ( ListT    )
   | ^^^^^^^^^^^^^^^^^^^^^^^^^^^^^^^^^^^^^^^^^^^^^^^^

Control/Monad/Trans/Resource/Internal.hs:273:46: warning: [-Wdeprecations]
    In the use of type constructor or class ‘ListT’
    (imported from Control.Monad.Trans.List):
    Deprecated: "This transformer is invalid on most monads"
    |
273 | GO(ListT)
    |                                              ^^^^^
[3 of 5] Compiling Data.Acquire     ( Data/Acquire.hs, dist/dist-sandbox-54b365cc/build/Data/Acquire.o )
[4 of 5] Compiling Control.Monad.Trans.Resource ( Control/Monad/Trans/Resource.hs, dist/dist-sandbox-54b365cc/build/Control/Monad/Trans/Resource.o )
[5 of 5] Compiling UnliftIO.Resource ( UnliftIO/Resource.hs, dist/dist-sandbox-54b365cc/build/UnliftIO/Resource.o )
Installing library in /mnt/c/Users/n.nguyen/OneDrive/FP/Sudoku/.cabal-sandbox/lib/x86_64-linux-ghc-8.6.5/resourcet-1.2.6-EfFQtCk1HnpItr2XuzVftj
cabal: Leaving directory '/tmp/cabal-tmp-9794/resourcet-1.2.6'
