cabal: Entering directory '/tmp/cabal-tmp-2282/semigroupoids-5.3.7'
Configuring semigroupoids-5.3.7...
Preprocessing library for semigroupoids-5.3.7..
Building library for semigroupoids-5.3.7..
[ 1 of 27] Compiling Data.Functor.Extend ( src/Data/Functor/Extend.hs, dist/dist-sandbox-54b365cc/build/Data/Functor/Extend.o )
[ 2 of 27] Compiling Data.Traversable.Instances ( src/Data/Traversable/Instances.hs, dist/dist-sandbox-54b365cc/build/Data/Traversable/Instances.o )
[ 3 of 27] Compiling Data.Semigroup.Foldable.Class ( src/Data/Semigroup/Foldable/Class.hs, dist/dist-sandbox-54b365cc/build/Data/Semigroup/Foldable/Class.o )
[ 4 of 27] Compiling Semigroupoids.Internal ( src/Semigroupoids/Internal.hs, dist/dist-sandbox-54b365cc/build/Semigroupoids/Internal.o )
[ 5 of 27] Compiling Data.Functor.Bind.Class ( src/Data/Functor/Bind/Class.hs, dist/dist-sandbox-54b365cc/build/Data/Functor/Bind/Class.o )
[ 6 of 27] Compiling Data.Functor.Apply ( src/Data/Functor/Apply.hs, dist/dist-sandbox-54b365cc/build/Data/Functor/Apply.o )
[ 7 of 27] Compiling Data.Semigroup.Bifoldable ( src/Data/Semigroup/Bifoldable.hs, dist/dist-sandbox-54b365cc/build/Data/Semigroup/Bifoldable.o )
[ 8 of 27] Compiling Data.Functor.Contravariant.Divise ( src/Data/Functor/Contravariant/Divise.hs, dist/dist-sandbox-54b365cc/build/Data/Functor/Contravariant/Divise.o )
[ 9 of 27] Compiling Data.Functor.Contravariant.Decide ( src/Data/Functor/Contravariant/Decide.hs, dist/dist-sandbox-54b365cc/build/Data/Functor/Contravariant/Decide.o )
[10 of 27] Compiling Data.Functor.Contravariant.Conclude ( src/Data/Functor/Contravariant/Conclude.hs, dist/dist-sandbox-54b365cc/build/Data/Functor/Contravariant/Conclude.o )
[11 of 27] Compiling Data.Functor.Bind ( src/Data/Functor/Bind.hs, dist/dist-sandbox-54b365cc/build/Data/Functor/Bind.o )
[12 of 27] Compiling Data.Semigroupoid ( src/Data/Semigroupoid.hs, dist/dist-sandbox-54b365cc/build/Data/Semigroupoid.o )
[13 of 27] Compiling Data.Semigroupoid.Ob ( src/Data/Semigroupoid/Ob.hs, dist/dist-sandbox-54b365cc/build/Data/Semigroupoid/Ob.o )
[14 of 27] Compiling Data.Semigroupoid.Dual ( src/Data/Semigroupoid/Dual.hs, dist/dist-sandbox-54b365cc/build/Data/Semigroupoid/Dual.o )
[15 of 27] Compiling Data.Semigroupoid.Categorical ( src/Data/Semigroupoid/Categorical.hs, dist/dist-sandbox-54b365cc/build/Data/Semigroupoid/Categorical.o )
[16 of 27] Compiling Data.Groupoid    ( src/Data/Groupoid.hs, dist/dist-sandbox-54b365cc/build/Data/Groupoid.o )
[17 of 27] Compiling Data.Isomorphism ( src/Data/Isomorphism.hs, dist/dist-sandbox-54b365cc/build/Data/Isomorphism.o )
[18 of 27] Compiling Data.Functor.Bind.Trans ( src/Data/Functor/Bind/Trans.hs, dist/dist-sandbox-54b365cc/build/Data/Functor/Bind/Trans.o )
[19 of 27] Compiling Data.Bifunctor.Apply ( src/Data/Bifunctor/Apply.hs, dist/dist-sandbox-54b365cc/build/Data/Bifunctor/Apply.o )
[20 of 27] Compiling Data.Functor.Alt ( src/Data/Functor/Alt.hs, dist/dist-sandbox-54b365cc/build/Data/Functor/Alt.o )
[21 of 27] Compiling Data.Semigroup.Foldable ( src/Data/Semigroup/Foldable.hs, dist/dist-sandbox-54b365cc/build/Data/Semigroup/Foldable.o )
[22 of 27] Compiling Data.Semigroup.Traversable.Class ( src/Data/Semigroup/Traversable/Class.hs, dist/dist-sandbox-54b365cc/build/Data/Semigroup/Traversable/Class.o )
[23 of 27] Compiling Data.Semigroup.Traversable ( src/Data/Semigroup/Traversable.hs, dist/dist-sandbox-54b365cc/build/Data/Semigroup/Traversable.o )
[24 of 27] Compiling Data.Semigroup.Bitraversable ( src/Data/Semigroup/Bitraversable.hs, dist/dist-sandbox-54b365cc/build/Data/Semigroup/Bitraversable.o )
[25 of 27] Compiling Data.Functor.Plus ( src/Data/Functor/Plus.hs, dist/dist-sandbox-54b365cc/build/Data/Functor/Plus.o )
[26 of 27] Compiling Semigroupoids.Do ( src/Semigroupoids/Do.hs, dist/dist-sandbox-54b365cc/build/Semigroupoids/Do.o )
[27 of 27] Compiling Data.Semigroupoid.Static ( src/Data/Semigroupoid/Static.hs, dist/dist-sandbox-54b365cc/build/Data/Semigroupoid/Static.o )
Installing library in /mnt/c/Users/n.nguyen/OneDrive/FP/Sudoku/.cabal-sandbox/lib/x86_64-linux-ghc-8.6.5/semigroupoids-5.3.7-BpE0uWym2wb8dCuP4VVdci
cabal: Leaving directory '/tmp/cabal-tmp-2282/semigroupoids-5.3.7'
