cabal: Entering directory '/tmp/cabal-tmp-2288/time-compat-1.9.6.1'
Configuring time-compat-1.9.6.1...
Preprocessing library for time-compat-1.9.6.1..
Building library for time-compat-1.9.6.1..
[ 1 of 20] Compiling Data.Format      ( src/Data/Format.hs, dist/dist-sandbox-54b365cc/build/Data/Format.o )
[ 2 of 20] Compiling Data.Time.Calendar.Types ( src/Data/Time/Calendar/Types.hs, dist/dist-sandbox-54b365cc/build/Data/Time/Calendar/Types.o )
[ 3 of 20] Compiling Data.Time.Orphans ( src/Data/Time/Orphans.hs, dist/dist-sandbox-54b365cc/build/Data/Time/Orphans.o )
[ 4 of 20] Compiling Data.Time.Format.Compat ( src/Data/Time/Format/Compat.hs, dist/dist-sandbox-54b365cc/build/Data/Time/Format/Compat.o )
[ 5 of 20] Compiling Data.Time.Clock.System.Compat ( src/Data/Time/Clock/System/Compat.hs, dist/dist-sandbox-54b365cc/build/Data/Time/Clock/System/Compat.o )
[ 6 of 20] Compiling Data.Time.Clock.POSIX.Compat ( src/Data/Time/Clock/POSIX/Compat.hs, dist/dist-sandbox-54b365cc/build/Data/Time/Clock/POSIX/Compat.o )
[ 7 of 20] Compiling Data.Time.Clock.Compat ( src/Data/Time/Clock/Compat.hs, dist/dist-sandbox-54b365cc/build/Data/Time/Clock/Compat.o )
[ 8 of 20] Compiling Data.Time.Calendar.Private ( src/Data/Time/Calendar/Private.hs, dist/dist-sandbox-54b365cc/build/Data/Time/Calendar/Private.o )
[ 9 of 20] Compiling Data.Time.Calendar.WeekDate.Compat ( src/Data/Time/Calendar/WeekDate/Compat.hs, dist/dist-sandbox-54b365cc/build/Data/Time/Calendar/WeekDate/Compat.o )
[10 of 20] Compiling Data.Time.Calendar.Month.Compat ( src/Data/Time/Calendar/Month/Compat.hs, dist/dist-sandbox-54b365cc/build/Data/Time/Calendar/Month/Compat.o )
[11 of 20] Compiling Data.Time.Calendar.Quarter.Compat ( src/Data/Time/Calendar/Quarter/Compat.hs, dist/dist-sandbox-54b365cc/build/Data/Time/Calendar/Quarter/Compat.o )
[12 of 20] Compiling Data.Time.Calendar.OrdinalDate.Compat ( src/Data/Time/Calendar/OrdinalDate/Compat.hs, dist/dist-sandbox-54b365cc/build/Data/Time/Calendar/OrdinalDate/Compat.o )
[13 of 20] Compiling Data.Time.Calendar.MonthDay.Compat ( src/Data/Time/Calendar/MonthDay/Compat.hs, dist/dist-sandbox-54b365cc/build/Data/Time/Calendar/MonthDay/Compat.o )
[14 of 20] Compiling Data.Time.Calendar.Easter.Compat ( src/Data/Time/Calendar/Easter/Compat.hs, dist/dist-sandbox-54b365cc/build/Data/Time/Calendar/Easter/Compat.o )
[15 of 20] Compiling Data.Time.Calendar.Compat ( src/Data/Time/Calendar/Compat.hs, dist/dist-sandbox-54b365cc/build/Data/Time/Calendar/Compat.o )
[16 of 20] Compiling Data.Time.LocalTime.Compat ( src/Data/Time/LocalTime/Compat.hs, dist/dist-sandbox-54b365cc/build/Data/Time/LocalTime/Compat.o )
[17 of 20] Compiling Data.Time.Format.ISO8601.Compat ( src/Data/Time/Format/ISO8601/Compat.hs, dist/dist-sandbox-54b365cc/build/Data/Time/Format/ISO8601/Compat.o )
[18 of 20] Compiling Data.Time.Compat ( src/Data/Time/Compat.hs, dist/dist-sandbox-54b365cc/build/Data/Time/Compat.o )
[19 of 20] Compiling Data.Time.Clock.TAI.Compat ( src/Data/Time/Clock/TAI/Compat.hs, dist/dist-sandbox-54b365cc/build/Data/Time/Clock/TAI/Compat.o )
[20 of 20] Compiling Data.Time.Calendar.Julian.Compat ( src/Data/Time/Calendar/Julian/Compat.hs, dist/dist-sandbox-54b365cc/build/Data/Time/Calendar/Julian/Compat.o )
Installing library in /mnt/c/Users/n.nguyen/OneDrive/FP/Sudoku/.cabal-sandbox/lib/x86_64-linux-ghc-8.6.5/time-compat-1.9.6.1-FS5szJ4ugY57dRKe0Y5K9Q
cabal: Leaving directory '/tmp/cabal-tmp-2288/time-compat-1.9.6.1'
