cabal: Entering directory '/tmp/cabal-tmp-532/unordered-containers-0.2.19.1'
Configuring unordered-containers-0.2.19.1...
Preprocessing library for unordered-containers-0.2.19.1..
Building library for unordered-containers-0.2.19.1..
[1 of 8] Compiling Data.HashMap.Internal.Array ( Data/HashMap/Internal/Array.hs, dist/dist-sandbox-54b365cc/build/Data/HashMap/Internal/Array.o )

Data/HashMap/Internal/Array.hs:100:1-51: warning: [-Wunused-imports]
    The qualified import of ‘GHC.Exts’ is redundant
      except perhaps to import instances from ‘GHC.Exts’
    To import instances alone, use: import GHC.Exts()
    |
100 | import qualified GHC.Exts                   as Exts
    | ^^^^^^^^^^^^^^^^^^^^^^^^^^^^^^^^^^^^^^^^^^^^^^^^^^^
[2 of 8] Compiling Data.HashMap.Internal.List ( Data/HashMap/Internal/List.hs, dist/dist-sandbox-54b365cc/build/Data/HashMap/Internal/List.o )
[3 of 8] Compiling Data.HashMap.Internal ( Data/HashMap/Internal.hs, dist/dist-sandbox-54b365cc/build/Data/HashMap/Internal.o )
[4 of 8] Compiling Data.HashMap.Internal.Strict ( Data/HashMap/Internal/Strict.hs, dist/dist-sandbox-54b365cc/build/Data/HashMap/Internal/Strict.o )
[5 of 8] Compiling Data.HashSet.Internal ( Data/HashSet/Internal.hs, dist/dist-sandbox-54b365cc/build/Data/HashSet/Internal.o )
[6 of 8] Compiling Data.HashSet     ( Data/HashSet.hs, dist/dist-sandbox-54b365cc/build/Data/HashSet.o )
[7 of 8] Compiling Data.HashMap.Strict ( Data/HashMap/Strict.hs, dist/dist-sandbox-54b365cc/build/Data/HashMap/Strict.o )
[8 of 8] Compiling Data.HashMap.Lazy ( Data/HashMap/Lazy.hs, dist/dist-sandbox-54b365cc/build/Data/HashMap/Lazy.o )
Installing library in /mnt/c/Users/n.nguyen/OneDrive/FP/Sudoku/.cabal-sandbox/lib/x86_64-linux-ghc-8.6.5/unordered-containers-0.2.19.1-6VSXdlErO69DIW6OK9WyL0
cabal: Leaving directory '/tmp/cabal-tmp-532/unordered-containers-0.2.19.1'
