cabal: Entering directory '/tmp/cabal-tmp-2286/vector-0.13.0.0'
Configuring vector-0.13.0.0...
Preprocessing library for vector-0.13.0.0..
Building library for vector-0.13.0.0..
[ 1 of 21] Compiling Data.Vector.Fusion.Stream.Monadic ( src/Data/Vector/Fusion/Stream/Monadic.hs, dist/dist-sandbox-54b365cc/build/Data/Vector/Fusion/Stream/Monadic.o )
[ 2 of 21] Compiling Data.Vector.Fusion.Util ( src/Data/Vector/Fusion/Util.hs, dist/dist-sandbox-54b365cc/build/Data/Vector/Fusion/Util.o )
[ 3 of 21] Compiling Data.Vector.Fusion.Bundle.Size ( src/Data/Vector/Fusion/Bundle/Size.hs, dist/dist-sandbox-54b365cc/build/Data/Vector/Fusion/Bundle/Size.o )
[ 4 of 21] Compiling Data.Vector.Generic.Mutable.Base ( src/Data/Vector/Generic/Mutable/Base.hs, dist/dist-sandbox-54b365cc/build/Data/Vector/Generic/Mutable/Base.o )
[ 5 of 21] Compiling Data.Vector.Generic.Base ( src/Data/Vector/Generic/Base.hs, dist/dist-sandbox-54b365cc/build/Data/Vector/Generic/Base.o )
[ 6 of 21] Compiling Data.Vector.Internal.Check ( src/Data/Vector/Internal/Check.hs, dist/dist-sandbox-54b365cc/build/Data/Vector/Internal/Check.o )
[ 7 of 21] Compiling Data.Vector.Fusion.Bundle.Monadic ( src/Data/Vector/Fusion/Bundle/Monadic.hs, dist/dist-sandbox-54b365cc/build/Data/Vector/Fusion/Bundle/Monadic.o )
[ 8 of 21] Compiling Data.Vector.Fusion.Bundle ( src/Data/Vector/Fusion/Bundle.hs, dist/dist-sandbox-54b365cc/build/Data/Vector/Fusion/Bundle.o )
[ 9 of 21] Compiling Data.Vector.Generic.Mutable ( src/Data/Vector/Generic/Mutable.hs, dist/dist-sandbox-54b365cc/build/Data/Vector/Generic/Mutable.o )
[10 of 21] Compiling Data.Vector.Generic.New ( src/Data/Vector/Generic/New.hs, dist/dist-sandbox-54b365cc/build/Data/Vector/Generic/New.o )
[11 of 21] Compiling Data.Vector.Generic ( src/Data/Vector/Generic.hs, dist/dist-sandbox-54b365cc/build/Data/Vector/Generic.o )
[12 of 21] Compiling Data.Vector.Mutable ( src/Data/Vector/Mutable.hs, dist/dist-sandbox-54b365cc/build/Data/Vector/Mutable.o )
[13 of 21] Compiling Data.Vector      ( src/Data/Vector.hs, dist/dist-sandbox-54b365cc/build/Data/Vector.o )
[14 of 21] Compiling Data.Vector.Primitive.Mutable ( src/Data/Vector/Primitive/Mutable.hs, dist/dist-sandbox-54b365cc/build/Data/Vector/Primitive/Mutable.o )
[15 of 21] Compiling Data.Vector.Primitive ( src/Data/Vector/Primitive.hs, dist/dist-sandbox-54b365cc/build/Data/Vector/Primitive.o )
[16 of 21] Compiling Data.Vector.Storable.Internal ( src/Data/Vector/Storable/Internal.hs, dist/dist-sandbox-54b365cc/build/Data/Vector/Storable/Internal.o )
[17 of 21] Compiling Data.Vector.Storable.Mutable ( src/Data/Vector/Storable/Mutable.hs, dist/dist-sandbox-54b365cc/build/Data/Vector/Storable/Mutable.o )
[18 of 21] Compiling Data.Vector.Storable ( src/Data/Vector/Storable.hs, dist/dist-sandbox-54b365cc/build/Data/Vector/Storable.o )
[19 of 21] Compiling Data.Vector.Unboxed.Base ( src/Data/Vector/Unboxed/Base.hs, dist/dist-sandbox-54b365cc/build/Data/Vector/Unboxed/Base.o )
[20 of 21] Compiling Data.Vector.Unboxed ( src/Data/Vector/Unboxed.hs, dist/dist-sandbox-54b365cc/build/Data/Vector/Unboxed.o )
[21 of 21] Compiling Data.Vector.Unboxed.Mutable ( src/Data/Vector/Unboxed/Mutable.hs, dist/dist-sandbox-54b365cc/build/Data/Vector/Unboxed/Mutable.o )
Installing library in /mnt/c/Users/n.nguyen/OneDrive/FP/Sudoku/.cabal-sandbox/lib/x86_64-linux-ghc-8.6.5/vector-0.13.0.0-EY1ezPeV6x5EBOONBzdfse
cabal: Leaving directory '/tmp/cabal-tmp-2286/vector-0.13.0.0'
