cabal: Entering directory '/tmp/cabal-tmp-9792/wai-extra-3.1.12.1'
Configuring wai-extra-3.1.12.1...
Preprocessing library for wai-extra-3.1.12.1..
Building library for wai-extra-3.1.12.1..
[ 1 of 37] Compiling Network.Wai.EventSource.EventStream ( Network/Wai/EventSource/EventStream.hs, dist/dist-sandbox-54b365cc/build/Network/Wai/EventSource/EventStream.o )
[ 2 of 37] Compiling Network.Wai.EventSource ( Network/Wai/EventSource.hs, dist/dist-sandbox-54b365cc/build/Network/Wai/EventSource.o )
[ 3 of 37] Compiling Network.Wai.Handler.CGI ( Network/Wai/Handler/CGI.hs, dist/dist-sandbox-54b365cc/build/Network/Wai/Handler/CGI.o )

Network/Wai/Handler/CGI.hs:115:15: warning: [-Wdeprecations]
    In the use of ‘requestBody’ (imported from Network.Wai.Internal):
    Deprecated: "requestBody's name is misleading because it only gets a partial chunk of the body. Use getRequestBodyChunk instead."
    |
115 |             , requestBody = requestBody'
    |               ^^^^^^^^^^^
[ 4 of 37] Compiling Network.Wai.Handler.SCGI ( Network/Wai/Handler/SCGI.hs, dist/dist-sandbox-54b365cc/build/Network/Wai/Handler/SCGI.o )
[ 5 of 37] Compiling Network.Wai.Header ( Network/Wai/Header.hs, dist/dist-sandbox-54b365cc/build/Network/Wai/Header.o )
[ 6 of 37] Compiling Network.Wai.Middleware.AcceptOverride ( Network/Wai/Middleware/AcceptOverride.hs, dist/dist-sandbox-54b365cc/build/Network/Wai/Middleware/AcceptOverride.o )
[ 7 of 37] Compiling Network.Wai.Middleware.AddHeaders ( Network/Wai/Middleware/AddHeaders.hs, dist/dist-sandbox-54b365cc/build/Network/Wai/Middleware/AddHeaders.o )
[ 8 of 37] Compiling Network.Wai.Middleware.Autohead ( Network/Wai/Middleware/Autohead.hs, dist/dist-sandbox-54b365cc/build/Network/Wai/Middleware/Autohead.o )
[ 9 of 37] Compiling Network.Wai.Middleware.CleanPath ( Network/Wai/Middleware/CleanPath.hs, dist/dist-sandbox-54b365cc/build/Network/Wai/Middleware/CleanPath.o )
[10 of 37] Compiling Network.Wai.Middleware.Gzip ( Network/Wai/Middleware/Gzip.hs, dist/dist-sandbox-54b365cc/build/Network/Wai/Middleware/Gzip.o )
[11 of 37] Compiling Network.Wai.Middleware.HealthCheckEndpoint ( Network/Wai/Middleware/HealthCheckEndpoint.hs, dist/dist-sandbox-54b365cc/build/Network/Wai/Middleware/HealthCheckEndpoint.o )
[12 of 37] Compiling Network.Wai.Middleware.HttpAuth ( Network/Wai/Middleware/HttpAuth.hs, dist/dist-sandbox-54b365cc/build/Network/Wai/Middleware/HttpAuth.o )
[13 of 37] Compiling Network.Wai.Middleware.Jsonp ( Network/Wai/Middleware/Jsonp.hs, dist/dist-sandbox-54b365cc/build/Network/Wai/Middleware/Jsonp.o )
[14 of 37] Compiling Network.Wai.Middleware.Local ( Network/Wai/Middleware/Local.hs, dist/dist-sandbox-54b365cc/build/Network/Wai/Middleware/Local.o )
[15 of 37] Compiling Network.Wai.Middleware.MethodOverride ( Network/Wai/Middleware/MethodOverride.hs, dist/dist-sandbox-54b365cc/build/Network/Wai/Middleware/MethodOverride.o )
[16 of 37] Compiling Network.Wai.Middleware.MethodOverridePost ( Network/Wai/Middleware/MethodOverridePost.hs, dist/dist-sandbox-54b365cc/build/Network/Wai/Middleware/MethodOverridePost.o )

Network/Wai/Middleware/MethodOverridePost.hs:42:54: warning: [-Wdeprecations]
    In the use of ‘requestBody’
    (imported from Network.Wai, but defined in Network.Wai.Internal):
    Deprecated: "requestBody's name is misleading because it only gets a partial chunk of the body. Use getRequestBodyChunk instead."
   |
42 |     (("_method", Just newmethod):_) -> return $ req {requestBody = rb, requestMethod = newmethod}
   |                                                      ^^^^^^^^^^^

Network/Wai/Middleware/MethodOverridePost.hs:43:54: warning: [-Wdeprecations]
    In the use of ‘requestBody’
    (imported from Network.Wai, but defined in Network.Wai.Internal):
    Deprecated: "requestBody's name is misleading because it only gets a partial chunk of the body. Use getRequestBodyChunk instead."
   |
43 |     _                               -> return $ req {requestBody = rb}
   |                                                      ^^^^^^^^^^^
[17 of 37] Compiling Network.Wai.Middleware.RealIp ( Network/Wai/Middleware/RealIp.hs, dist/dist-sandbox-54b365cc/build/Network/Wai/Middleware/RealIp.o )
[18 of 37] Compiling Network.Wai.Middleware.RequestLogger.Internal ( Network/Wai/Middleware/RequestLogger/Internal.hs, dist/dist-sandbox-54b365cc/build/Network/Wai/Middleware/RequestLogger/Internal.o )
[19 of 37] Compiling Network.Wai.Middleware.RequestSizeLimit.Internal ( Network/Wai/Middleware/RequestSizeLimit/Internal.hs, dist/dist-sandbox-54b365cc/build/Network/Wai/Middleware/RequestSizeLimit/Internal.o )
[20 of 37] Compiling Network.Wai.Middleware.Rewrite ( Network/Wai/Middleware/Rewrite.hs, dist/dist-sandbox-54b365cc/build/Network/Wai/Middleware/Rewrite.o )
[21 of 37] Compiling Network.Wai.Middleware.Routed ( Network/Wai/Middleware/Routed.hs, dist/dist-sandbox-54b365cc/build/Network/Wai/Middleware/Routed.o )
[22 of 37] Compiling Network.Wai.Middleware.Select ( Network/Wai/Middleware/Select.hs, dist/dist-sandbox-54b365cc/build/Network/Wai/Middleware/Select.o )
[23 of 37] Compiling Network.Wai.Middleware.StreamFile ( Network/Wai/Middleware/StreamFile.hs, dist/dist-sandbox-54b365cc/build/Network/Wai/Middleware/StreamFile.o )
[24 of 37] Compiling Network.Wai.Middleware.StripHeaders ( Network/Wai/Middleware/StripHeaders.hs, dist/dist-sandbox-54b365cc/build/Network/Wai/Middleware/StripHeaders.o )
[25 of 37] Compiling Network.Wai.Middleware.Timeout ( Network/Wai/Middleware/Timeout.hs, dist/dist-sandbox-54b365cc/build/Network/Wai/Middleware/Timeout.o )
[26 of 37] Compiling Network.Wai.Middleware.Vhost ( Network/Wai/Middleware/Vhost.hs, dist/dist-sandbox-54b365cc/build/Network/Wai/Middleware/Vhost.o )
[27 of 37] Compiling Network.Wai.Parse ( Network/Wai/Parse.hs, dist/dist-sandbox-54b365cc/build/Network/Wai/Parse.o )

Network/Wai/Parse.hs:384:48: warning: [-Wdeprecations]
    In the use of ‘requestBody’
    (imported from Network.Wai, but defined in Network.Wai.Internal):
    Deprecated: "requestBody's name is misleading because it only gets a partial chunk of the body. Use getRequestBodyChunk instead."
    |
384 |         Just rbt -> sinkRequestBodyEx o s rbt (requestBody r)
    |                                                ^^^^^^^^^^^
[28 of 37] Compiling Network.Wai.Middleware.RequestLogger ( Network/Wai/Middleware/RequestLogger.hs, dist/dist-sandbox-54b365cc/build/Network/Wai/Middleware/RequestLogger.o )

Network/Wai/Middleware/RequestLogger.hs:41:1: warning: [-Wunused-imports]
    The import of ‘mconcat’ from module ‘Data.Monoid’ is redundant
   |
41 | import Data.Monoid (mconcat, (<>))
   | ^^^^^^^^^^^^^^^^^^^^^^^^^^^^^^^^^^

Network/Wai/Middleware/RequestLogger.hs:397:20: warning: [-Wdeprecations]
    In the use of ‘requestBody’
    (imported from Network.Wai, but defined in Network.Wai.Internal):
    Deprecated: "requestBody's name is misleading because it only gets a partial chunk of the body. Use getRequestBodyChunk instead."
    |
397 |   let req' = req { requestBody = rbody }
    |                    ^^^^^^^^^^^
[29 of 37] Compiling Network.Wai.Middleware.RequestLogger.JSON ( Network/Wai/Middleware/RequestLogger/JSON.hs, dist/dist-sandbox-54b365cc/build/Network/Wai/Middleware/RequestLogger/JSON.o )
[30 of 37] Compiling Network.Wai.Request ( Network/Wai/Request.hs, dist/dist-sandbox-54b365cc/build/Network/Wai/Request.o )

Network/Wai/Request.hs:86:37: warning: [-Wdeprecations]
    In the use of ‘requestBody’
    (imported from Network.Wai, but defined in Network.Wai.Internal):
    Deprecated: "requestBody's name is misleading because it only gets a partial chunk of the body. Use getRequestBodyChunk instead."
   |
86 |                 then return $ req { requestBody = throwIO (RequestSizeException maxSize) }
   |                                     ^^^^^^^^^^^

Network/Wai/Request.hs:91:19: warning: [-Wdeprecations]
    In the use of ‘requestBody’
    (imported from Network.Wai, but defined in Network.Wai.Internal):
    Deprecated: "requestBody's name is misleading because it only gets a partial chunk of the body. Use getRequestBodyChunk instead."
   |
91 |                 { requestBody = do
   |                   ^^^^^^^^^^^

Network/Wai/Request.hs:92:27: warning: [-Wdeprecations]
    In the use of ‘requestBody’
    (imported from Network.Wai, but defined in Network.Wai.Internal):
    Deprecated: "requestBody's name is misleading because it only gets a partial chunk of the body. Use getRequestBodyChunk instead."
   |
92 |                     bs <- requestBody req
   |                           ^^^^^^^^^^^
[31 of 37] Compiling Network.Wai.Middleware.RequestSizeLimit ( Network/Wai/Middleware/RequestSizeLimit.hs, dist/dist-sandbox-54b365cc/build/Network/Wai/Middleware/RequestSizeLimit.o )
[32 of 37] Compiling Network.Wai.Middleware.ForceSSL ( Network/Wai/Middleware/ForceSSL.hs, dist/dist-sandbox-54b365cc/build/Network/Wai/Middleware/ForceSSL.o )
[33 of 37] Compiling Network.Wai.Middleware.ForceDomain ( Network/Wai/Middleware/ForceDomain.hs, dist/dist-sandbox-54b365cc/build/Network/Wai/Middleware/ForceDomain.o )
[34 of 37] Compiling Network.Wai.Middleware.Approot ( Network/Wai/Middleware/Approot.hs, dist/dist-sandbox-54b365cc/build/Network/Wai/Middleware/Approot.o )
[35 of 37] Compiling Network.Wai.Test.Internal ( Network/Wai/Test/Internal.hs, dist/dist-sandbox-54b365cc/build/Network/Wai/Test/Internal.o )
[36 of 37] Compiling Network.Wai.Test ( Network/Wai/Test.hs, dist/dist-sandbox-54b365cc/build/Network/Wai/Test.o )

Network/Wai/Test.hs:190:11: warning: [-Wdeprecations]
    In the use of ‘requestBody’
    (imported from Network.Wai, but defined in Network.Wai.Internal):
    Deprecated: "requestBody's name is misleading because it only gets a partial chunk of the body. Use getRequestBodyChunk instead."
    |
190 |         { requestBody = atomicModifyIORef refChunks $ \bss ->
    |           ^^^^^^^^^^^
[37 of 37] Compiling Network.Wai.UrlMap ( Network/Wai/UrlMap.hs, dist/dist-sandbox-54b365cc/build/Network/Wai/UrlMap.o )
Installing library in /mnt/c/Users/n.nguyen/OneDrive/FP/Sudoku/.cabal-sandbox/lib/x86_64-linux-ghc-8.6.5/wai-extra-3.1.12.1-JasMgWqGX6oJuCfRCGvxTS
cabal: Leaving directory '/tmp/cabal-tmp-9792/wai-extra-3.1.12.1'
