cabal: Entering directory '/tmp/cabal-tmp-9792/wai-app-static-3.1.7.4'
Configuring wai-app-static-3.1.7.4...
Preprocessing library for wai-app-static-3.1.7.4..
Building library for wai-app-static-3.1.7.4..
[1 of 9] Compiling WaiAppStatic.Types ( WaiAppStatic/Types.hs, dist/dist-sandbox-54b365cc/build/WaiAppStatic/Types.o )
[2 of 9] Compiling Util             ( Util.hs, dist/dist-sandbox-54b365cc/build/Util.o )
[3 of 9] Compiling WaiAppStatic.Listing ( WaiAppStatic/Listing.hs, dist/dist-sandbox-54b365cc/build/WaiAppStatic/Listing.o )

WaiAppStatic/Listing.hs:120:24: warning: [-Wunused-local-binds]
    Defined but not used: ‘isFile’
    |
120 |                    let isFile = either (const False) (const True) md
    |                        ^^^^^^
[4 of 9] Compiling WaiAppStatic.Storage.Filesystem ( WaiAppStatic/Storage/Filesystem.hs, dist/dist-sandbox-54b365cc/build/WaiAppStatic/Storage/Filesystem.o )
[5 of 9] Compiling WaiAppStatic.Storage.Embedded.TH ( WaiAppStatic/Storage/Embedded/TH.hs, dist/dist-sandbox-54b365cc/build/WaiAppStatic/Storage/Embedded/TH.o )
[6 of 9] Compiling WaiAppStatic.Storage.Embedded.Runtime ( WaiAppStatic/Storage/Embedded/Runtime.hs, dist/dist-sandbox-54b365cc/build/WaiAppStatic/Storage/Embedded/Runtime.o )
[7 of 9] Compiling WaiAppStatic.Storage.Embedded ( WaiAppStatic/Storage/Embedded.hs, dist/dist-sandbox-54b365cc/build/WaiAppStatic/Storage/Embedded.o )
[8 of 9] Compiling Network.Wai.Application.Static ( Network/Wai/Application/Static.hs, dist/dist-sandbox-54b365cc/build/Network/Wai/Application/Static.o )
[9 of 9] Compiling WaiAppStatic.CmdLine ( WaiAppStatic/CmdLine.hs, dist/dist-sandbox-54b365cc/build/WaiAppStatic/CmdLine.o )

WaiAppStatic/CmdLine.hs:97:5: warning: [-Wname-shadowing]
    This binding for ‘args’ shadows the existing binding
      defined at WaiAppStatic/CmdLine.hs:49:1
   |
97 |     args@Args {..} <- execParser $ info (helperOption <*> args) fullDesc
   |     ^^^^
Preprocessing executable 'warp' for wai-app-static-3.1.7.4..
Building executable 'warp' for wai-app-static-3.1.7.4..
[1 of 1] Compiling Main             ( app/warp-static.hs, dist/dist-sandbox-54b365cc/build/warp/warp-tmp/Main.o )
Linking dist/dist-sandbox-54b365cc/build/warp/warp ...
Installing library in /mnt/c/Users/n.nguyen/OneDrive/FP/Sudoku/.cabal-sandbox/lib/x86_64-linux-ghc-8.6.5/wai-app-static-3.1.7.4-BcoZ9eDwp8N64Z2jehnyp2
Installing executable warp in /mnt/c/Users/n.nguyen/OneDrive/FP/Sudoku/.cabal-sandbox/bin
cabal: Leaving directory '/tmp/cabal-tmp-9792/wai-app-static-3.1.7.4'
