cabal: Entering directory '/tmp/cabal-tmp-531/x509-1.7.7'
Configuring x509-1.7.7...
Preprocessing library for x509-1.7.7..
Building library for x509-1.7.7..
[ 1 of 14] Compiling Data.X509.AlgorithmIdentifier ( Data/X509/AlgorithmIdentifier.hs, dist/dist-sandbox-54b365cc/build/Data/X509/AlgorithmIdentifier.o )
[ 2 of 14] Compiling Data.X509.Internal ( Data/X509/Internal.hs, dist/dist-sandbox-54b365cc/build/Data/X509/Internal.o )
[ 3 of 14] Compiling Data.X509.ExtensionRaw ( Data/X509/ExtensionRaw.hs, dist/dist-sandbox-54b365cc/build/Data/X509/ExtensionRaw.o )

Data/X509/ExtensionRaw.hs:17:1: warning: [-Wunused-imports]
    The import of ‘Control.Applicative’ is redundant
      except perhaps to import instances from ‘Control.Applicative’
    To import instances alone, use: import Control.Applicative()
   |
17 | import Control.Applicative
   | ^^^^^^^^^^^^^^^^^^^^^^^^^^
[ 4 of 14] Compiling Data.X509.DistinguishedName ( Data/X509/DistinguishedName.hs, dist/dist-sandbox-54b365cc/build/Data/X509/DistinguishedName.o )

Data/X509/DistinguishedName.hs:20:1: warning: [-Wunused-imports]
    The import of ‘Control.Applicative’ is redundant
      except perhaps to import instances from ‘Control.Applicative’
    To import instances alone, use: import Control.Applicative()
   |
20 | import Control.Applicative
   | ^^^^^^^^^^^^^^^^^^^^^^^^^^

Data/X509/DistinguishedName.hs:22:1: warning: [-Wunused-imports]
    The import of ‘Data.Semigroup’ is redundant
      except perhaps to import instances from ‘Data.Semigroup’
    To import instances alone, use: import Data.Semigroup()
   |
22 | import           Data.Semigroup
   | ^^^^^^^^^^^^^^^^^^^^^^^^^^^^^^^
[ 5 of 14] Compiling Data.X509.Ext    ( Data/X509/Ext.hs, dist/dist-sandbox-54b365cc/build/Data/X509/Ext.o )

Data/X509/Ext.hs:46:1: warning: [-Wunused-imports]
    The import of ‘Control.Applicative’ is redundant
      except perhaps to import instances from ‘Control.Applicative’
    To import instances alone, use: import Control.Applicative()
   |
46 | import Control.Applicative
   | ^^^^^^^^^^^^^^^^^^^^^^^^^^
[ 6 of 14] Compiling Data.X509.CRL    ( Data/X509/CRL.hs, dist/dist-sandbox-54b365cc/build/Data/X509/CRL.o )

Data/X509/CRL.hs:19:1: warning: [-Wunused-imports]
    The import of ‘Control.Applicative’ is redundant
      except perhaps to import instances from ‘Control.Applicative’
    To import instances alone, use: import Control.Applicative()
   |
19 | import Control.Applicative
   | ^^^^^^^^^^^^^^^^^^^^^^^^^^
[ 7 of 14] Compiling Data.X509.OID    ( Data/X509/OID.hs, dist/dist-sandbox-54b365cc/build/Data/X509/OID.o )

Data/X509/OID.hs:15:1: warning: [-Wunused-imports]
    The import of ‘Control.Applicative’ is redundant
      except perhaps to import instances from ‘Control.Applicative’
    To import instances alone, use: import Control.Applicative()
   |
15 | import Control.Applicative
   | ^^^^^^^^^^^^^^^^^^^^^^^^^^
[ 8 of 14] Compiling Data.X509.PublicKey ( Data/X509/PublicKey.hs, dist/dist-sandbox-54b365cc/build/Data/X509/PublicKey.o )
[ 9 of 14] Compiling Data.X509.PrivateKey ( Data/X509/PrivateKey.hs, dist/dist-sandbox-54b365cc/build/Data/X509/PrivateKey.o )
[10 of 14] Compiling Data.X509.EC     ( Data/X509/EC.hs, dist/dist-sandbox-54b365cc/build/Data/X509/EC.o )
[11 of 14] Compiling Data.X509.Cert   ( Data/X509/Cert.hs, dist/dist-sandbox-54b365cc/build/Data/X509/Cert.o )
[12 of 14] Compiling Data.X509.Signed ( Data/X509/Signed.hs, dist/dist-sandbox-54b365cc/build/Data/X509/Signed.o )
[13 of 14] Compiling Data.X509.CertificateChain ( Data/X509/CertificateChain.hs, dist/dist-sandbox-54b365cc/build/Data/X509/CertificateChain.o )
[14 of 14] Compiling Data.X509        ( Data/X509.hs, dist/dist-sandbox-54b365cc/build/Data/X509.o )
Installing library in /mnt/c/Users/n.nguyen/OneDrive/FP/Sudoku/.cabal-sandbox/lib/x86_64-linux-ghc-8.6.5/x509-1.7.7-6OxD8PW2W19C8XGJMcSC6a
cabal: Leaving directory '/tmp/cabal-tmp-531/x509-1.7.7'
